#
# There is insufficient memory for the Java Runtime Environment to continue.
# Native memory allocation (malloc) failed to allocate 595376 bytes for Chunk::new
# Possible reasons:
#   The system is out of physical RAM or swap space
#   The process is running with CompressedOops enabled, and the Java Heap may be blocking the growth of the native heap
# Possible solutions:
#   Reduce memory load on the system
#   Increase physical memory or swap space
#   Check if swap backing store is full
#   Decrease Java heap size (-Xmx/-Xms)
#   Decrease number of Java threads
#   Decrease Java thread stack sizes (-Xss)
#   Set larger code cache with -XX:ReservedCodeCacheSize=
#   JVM is running with Unscaled Compressed Oops mode in which the Java heap is
#     placed in the first 4GB address space. The Java Heap base address is the
#     maximum limit for the native heap growth. Please use -XX:HeapBaseMinAddress
#     to set the Java Heap base and to place the Java Heap above 4GB virtual address.
# This output file may be truncated or incomplete.
#
#  Out of Memory Error (allocation.cpp:389), pid=10676, tid=0x0000000000002fec
#
# JRE version: OpenJDK Runtime Environment (8.0_202-b03) (build 1.8.0_202-release-1483-b03)
# Java VM: OpenJDK 64-Bit Server VM (25.202-b03 mixed mode windows-amd64 compressed oops)
# Failed to write core dump. Minidumps are not enabled by default on client versions of Windows
#

---------------  T H R E A D  ---------------

Current thread (0x0000000016808800):  JavaThread "C2 CompilerThread0" daemon [_thread_in_native, id=12268, stack(0x0000000017f60000,0x0000000018060000)]

Stack: [0x0000000017f60000,0x0000000018060000]
[error occurred during error reporting (printing stack bounds), id 0xc0000005]

Native frames: (J=compiled Java code, j=interpreted, Vv=VM code, C=native code)


Current CompileTask:
C2:  22413 12070       4       com.sun.tools.javac.code.Types$MembersClosureCache::visitClassType (10 bytes)


---------------  P R O C E S S  ---------------

Java Threads: ( => current thread )
  0x000000001caa9800 JavaThread "Cache worker for Java compile cache (E:\Himanshu\Android\ClientProject\Amiggos\.gradle\5.4.1\javaCompile)" [_thread_blocked, id=3824, stack(0x0000000024810000,0x0000000024910000)]
  0x000000001caa1800 JavaThread "Cache worker for Java compile cache (C:\Users\Himan\.gradle\caches\5.4.1\javaCompile)" [_thread_blocked, id=3532, stack(0x0000000024710000,0x0000000024810000)]
  0x000000001caa8800 JavaThread "Cache worker for execution history cache (E:\Himanshu\Android\ClientProject\Amiggos\.gradle\5.4.1\executionHistory)" [_thread_blocked, id=10204, stack(0x0000000024410000,0x0000000024510000)]
  0x000000001caa7000 JavaThread "Execution worker for ':' Thread 3" [_thread_in_native, id=11052, stack(0x0000000024310000,0x0000000024410000)]
  0x000000001caa4000 JavaThread "Execution worker for ':' Thread 2" [_thread_blocked, id=5384, stack(0x0000000024210000,0x0000000024310000)]
  0x000000001caa6000 JavaThread "Execution worker for ':'" [_thread_blocked, id=8440, stack(0x0000000023ef0000,0x0000000023ff0000)]
  0x000000001caa3000 JavaThread "Cache worker for file content cache (E:\Himanshu\Android\ClientProject\Amiggos\.gradle\5.4.1\fileContent)" [_thread_blocked, id=12804, stack(0x00000000239f0000,0x0000000023af0000)]
  0x000000001caa4800 JavaThread "Cache worker for file content cache (C:\Users\Himan\.gradle\caches\5.4.1\fileContent)" [_thread_blocked, id=8384, stack(0x0000000023490000,0x0000000023590000)]
  0x000000001caa2800 JavaThread "Memory manager" [_thread_blocked, id=12784, stack(0x0000000023390000,0x0000000023490000)]
  0x000000001ca9b000 JavaThread "Cache worker for Build Output Cleanup Cache (E:\Himanshu\Android\ClientProject\Amiggos\.gradle\buildOutputCleanup)" [_thread_blocked, id=9124, stack(0x0000000022890000,0x0000000022990000)]
  0x000000001ca9e800 JavaThread "Build operations Thread 4" [_thread_blocked, id=3584, stack(0x0000000022190000,0x0000000022290000)]
  0x000000001ca9b800 JavaThread "Build operations Thread 3" [_thread_blocked, id=9204, stack(0x0000000022090000,0x0000000022190000)]
  0x000000001ca9d000 JavaThread "Build operations Thread 2" [_thread_blocked, id=13432, stack(0x0000000021f90000,0x0000000022090000)]
  0x000000001ca9a000 JavaThread "Build operations" [_thread_blocked, id=9540, stack(0x0000000021bd0000,0x0000000021cd0000)]
  0x000000001ca9c800 JavaThread "Cache worker for execution history cache (C:\Users\Himan\.gradle\caches\5.4.1\executionHistory)" [_thread_blocked, id=13956, stack(0x0000000020b00000,0x0000000020c00000)]
  0x0000000019c7d000 JavaThread "Cache worker for cache directory md-rule (C:\Users\Himan\.gradle\caches\5.4.1\md-rule)" [_thread_blocked, id=4000, stack(0x000000001f190000,0x000000001f290000)]
  0x0000000019c84000 JavaThread "Cache worker for cache directory md-supplier (C:\Users\Himan\.gradle\caches\5.4.1\md-supplier)" [_thread_blocked, id=11392, stack(0x000000001edc0000,0x000000001eec0000)]
  0x0000000019c83000 JavaThread "Cache worker for file hash cache (E:\Himanshu\Android\ClientProject\Amiggos\.gradle\5.4.1\fileHashes)" [_thread_blocked, id=7540, stack(0x000000001ecc0000,0x000000001edc0000)]
  0x0000000019c7e800 JavaThread "Cache worker for journal cache (C:\Users\Himan\.gradle\caches\journal-1)" [_thread_blocked, id=10468, stack(0x000000001b4b0000,0x000000001b5b0000)]
  0x0000000019c81800 JavaThread "File lock request listener" [_thread_in_native, id=6444, stack(0x000000001b3b0000,0x000000001b4b0000)]
  0x0000000019c76800 JavaThread "Cache worker for file hash cache (C:\Users\Himan\.gradle\caches\5.4.1\fileHashes)" [_thread_blocked, id=888, stack(0x000000001b2b0000,0x000000001b3b0000)]
  0x0000000019a7f000 JavaThread "Thread-9" [_thread_blocked, id=5292, stack(0x000000001b1b0000,0x000000001b2b0000)]
  0x0000000019b6e000 JavaThread "Stdin handler" [_thread_blocked, id=6412, stack(0x000000001b0b0000,0x000000001b1b0000)]
  0x0000000019a7c000 JavaThread "Asynchronous log dispatcher for DefaultDaemonConnection: socket connection from /127.0.0.1:54751 to /127.0.0.1:54752" [_thread_blocked, id=12640, stack(0x000000001afb0000,0x000000001b0b0000)]
  0x0000000019bb9000 JavaThread "Daemon worker" [_thread_blocked, id=1532, stack(0x000000001aeb0000,0x000000001afb0000)]
  0x0000000019bb6800 JavaThread "Cancel handler" [_thread_blocked, id=2852, stack(0x000000001adb0000,0x000000001aeb0000)]
  0x0000000019a60000 JavaThread "Handler for socket connection from /127.0.0.1:54751 to /127.0.0.1:54752" [_thread_in_native, id=10352, stack(0x000000001aab0000,0x000000001abb0000)]
  0x0000000019a5f000 JavaThread "Daemon" [_thread_blocked, id=7384, stack(0x000000001a9b0000,0x000000001aab0000)]
  0x0000000019a34800 JavaThread "Daemon periodic checks" [_thread_blocked, id=13932, stack(0x000000001a8b0000,0x000000001a9b0000)]
  0x0000000019679000 JavaThread "Incoming local TCP Connector on port 54751" [_thread_in_native, id=8472, stack(0x000000001a670000,0x000000001a770000)]
  0x0000000019c49000 JavaThread "Daemon health stats" [_thread_blocked, id=6220, stack(0x000000001a030000,0x000000001a130000)]
  0x000000001685e800 JavaThread "Service Thread" daemon [_thread_blocked, id=7136, stack(0x0000000018660000,0x0000000018760000)]
  0x0000000016809000 JavaThread "C1 CompilerThread2" daemon [_thread_blocked, id=10620, stack(0x0000000018160000,0x0000000018260000)]
  0x0000000016800000 JavaThread "C2 CompilerThread1" daemon [_thread_in_native, id=4252, stack(0x0000000018060000,0x0000000018160000)]
=>0x0000000016808800 JavaThread "C2 CompilerThread0" daemon [_thread_in_native, id=12268, stack(0x0000000017f60000,0x0000000018060000)]
  0x0000000016807000 JavaThread "Attach Listener" daemon [_thread_blocked, id=5000, stack(0x0000000017e60000,0x0000000017f60000)]
  0x0000000016805800 JavaThread "Signal Dispatcher" daemon [_thread_blocked, id=13636, stack(0x0000000017d60000,0x0000000017e60000)]
  0x0000000002d8c000 JavaThread "Finalizer" daemon [_thread_blocked, id=13656, stack(0x0000000017a60000,0x0000000017b60000)]
  0x00000000167e9000 JavaThread "Reference Handler" daemon [_thread_blocked, id=2976, stack(0x0000000017960000,0x0000000017a60000)]
  0x0000000002e8e000 JavaThread "main" [_thread_blocked, id=14204, stack(0x0000000002ae0000,0x0000000002be0000)]

Other Threads:
  0x00000000167c6800 VMThread [stack: 0x0000000017860000,0x0000000017960000] [id=4840]
  0x00000000182b0800 WatcherThread [stack: 0x0000000018760000,0x0000000018860000] [id=12496]

VM state:not at safepoint (normal execution)

VM Mutex/Monitor currently owned by a thread: None

heap address: 0x00000000a0000000, size: 1536 MB, Compressed Oops mode: 32-bit
Narrow klass base: 0x0000000000000000, Narrow klass shift: 3
Compressed class space size: 1073741824 Address: 0x0000000100000000

Heap:
 PSYoungGen      total 315904K, used 228662K [0x00000000e0000000, 0x00000000f7900000, 0x0000000100000000)
  eden space 260608K, 66% used [0x00000000e0000000,0x00000000ea952580,0x00000000efe80000)
  from space 55296K, 99% used [0x00000000f4300000,0x00000000f78fb4f8,0x00000000f7900000)
  to   space 55808K, 0% used [0x00000000efe80000,0x00000000efe80000,0x00000000f3500000)
 ParOldGen       total 256000K, used 189681K [0x00000000a0000000, 0x00000000afa00000, 0x00000000e0000000)
  object space 256000K, 74% used [0x00000000a0000000,0x00000000ab93c430,0x00000000afa00000)
 Metaspace       used 79218K, capacity 81100K, committed 82136K, reserved 1124352K
  class space    used 10286K, capacity 10775K, committed 11008K, reserved 1048576K

Card table byte_map: [0x0000000012250000,0x0000000012560000] byte_map_base: 0x0000000011d50000

Marking Bits: (ParMarkBitMap*) 0x00000000722b9f30
 Begin Bits: [0x0000000012b60000, 0x0000000014360000)
 End Bits:   [0x0000000014360000, 0x0000000015b60000)

Polling page: 0x0000000000f50000

CodeCache: size=245760Kb used=35951Kb max_used=35951Kb free=209809Kb
 bounds [0x0000000002e90000, 0x00000000051e0000, 0x0000000011e90000]
 total_blobs=11137 nmethods=10312 adapters=738
 compilation: enabled

Compilation events (10 events):
Event: 22.357 Thread 0x0000000016809000 12083       3       java.net.URI::normalize (5 bytes)
Event: 22.357 Thread 0x0000000016809000 nmethod 12083 0x00000000051cbb90 code [0x00000000051cbd00, 0x00000000051cbe88]
Event: 22.357 Thread 0x0000000016809000 12084       3       java.net.URI::normalize (115 bytes)
Event: 22.358 Thread 0x0000000016809000 nmethod 12084 0x00000000051cbf10 code [0x00000000051cc0a0, 0x00000000051cc698]
Event: 22.358 Thread 0x0000000016809000 12085   !   3       com.sun.tools.javac.jvm.Gen::genClass (353 bytes)
Event: 22.360 Thread 0x0000000016809000 nmethod 12085 0x00000000051cc850 code [0x00000000051ccb40, 0x00000000051ce438]
Event: 22.360 Thread 0x0000000016809000 12086   !   3       com.sun.tools.javac.jvm.ClassWriter::writeClass (115 bytes)
Event: 22.362 Thread 0x0000000016809000 nmethod 12086 0x00000000051cf290 code [0x00000000051cf5e0, 0x00000000051d0ee8]
Event: 22.391 Thread 0x0000000016809000 12088       1       com.sun.tools.javac.tree.JCTree$JCBlock::getTag (4 bytes)
Event: 22.391 Thread 0x0000000016809000 nmethod 12088 0x000000000515a790 code [0x000000000515a8e0, 0x000000000515a9f0]

GC Heap History (10 events):
Event: 18.444 GC heap before
{Heap before GC invocations=18 (full 4):
 PSYoungGen      total 316416K, used 0K [0x00000000e0000000, 0x00000000f9080000, 0x0000000100000000)
  eden space 260608K, 0% used [0x00000000e0000000,0x00000000e0000000,0x00000000efe80000)
  from space 55808K, 0% used [0x00000000efe80000,0x00000000efe80000,0x00000000f3500000)
  to   space 29696K, 0% used [0x00000000f3500000,0x00000000f3500000,0x00000000f5200000)
 ParOldGen       total 256000K, used 131859K [0x00000000a0000000, 0x00000000afa00000, 0x00000000e0000000)
  object space 256000K, 51% used [0x00000000a0000000,0x00000000a80c4dd8,0x00000000afa00000)
 Metaspace       used 73169K, capacity 75236K, committed 75608K, reserved 1122304K
  class space    used 9709K, capacity 10218K, committed 10368K, reserved 1048576K
Event: 18.446 GC heap after
Heap after GC invocations=18 (full 4):
 PSYoungGen      total 290304K, used 0K [0x00000000e0000000, 0x00000000f9080000, 0x0000000100000000)
  eden space 260608K, 0% used [0x00000000e0000000,0x00000000e0000000,0x00000000efe80000)
  from space 29696K, 0% used [0x00000000f3500000,0x00000000f3500000,0x00000000f5200000)
  to   space 55808K, 0% used [0x00000000efe80000,0x00000000efe80000,0x00000000f3500000)
 ParOldGen       total 256000K, used 131859K [0x00000000a0000000, 0x00000000afa00000, 0x00000000e0000000)
  object space 256000K, 51% used [0x00000000a0000000,0x00000000a80c4dd8,0x00000000afa00000)
 Metaspace       used 73169K, capacity 75236K, committed 75608K, reserved 1122304K
  class space    used 9709K, capacity 10218K, committed 10368K, reserved 1048576K
}
Event: 18.446 GC heap before
{Heap before GC invocations=19 (full 5):
 PSYoungGen      total 290304K, used 0K [0x00000000e0000000, 0x00000000f9080000, 0x0000000100000000)
  eden space 260608K, 0% used [0x00000000e0000000,0x00000000e0000000,0x00000000efe80000)
  from space 29696K, 0% used [0x00000000f3500000,0x00000000f3500000,0x00000000f5200000)
  to   space 55808K, 0% used [0x00000000efe80000,0x00000000efe80000,0x00000000f3500000)
 ParOldGen       total 256000K, used 131859K [0x00000000a0000000, 0x00000000afa00000, 0x00000000e0000000)
  object space 256000K, 51% used [0x00000000a0000000,0x00000000a80c4dd8,0x00000000afa00000)
 Metaspace       used 73169K, capacity 75236K, committed 75608K, reserved 1122304K
  class space    used 9709K, capacity 10218K, committed 10368K, reserved 1048576K
Event: 18.832 GC heap after
Heap after GC invocations=19 (full 5):
 PSYoungGen      total 290304K, used 0K [0x00000000e0000000, 0x00000000f9080000, 0x0000000100000000)
  eden space 260608K, 0% used [0x00000000e0000000,0x00000000e0000000,0x00000000efe80000)
  from space 29696K, 0% used [0x00000000f3500000,0x00000000f3500000,0x00000000f5200000)
  to   space 55808K, 0% used [0x00000000efe80000,0x00000000efe80000,0x00000000f3500000)
 ParOldGen       total 256000K, used 112416K [0x00000000a0000000, 0x00000000afa00000, 0x00000000e0000000)
  object space 256000K, 43% used [0x00000000a0000000,0x00000000a6dc8088,0x00000000afa00000)
 Metaspace       used 72709K, capacity 74444K, committed 75608K, reserved 1118208K
  class space    used 9608K, capacity 10043K, committed 10368K, reserved 1048576K
}
Event: 18.885 GC heap before
{Heap before GC invocations=20 (full 5):
 PSYoungGen      total 290304K, used 12354K [0x00000000e0000000, 0x00000000f9080000, 0x0000000100000000)
  eden space 260608K, 4% used [0x00000000e0000000,0x00000000e0c10a58,0x00000000efe80000)
  from space 29696K, 0% used [0x00000000f3500000,0x00000000f3500000,0x00000000f5200000)
  to   space 55808K, 0% used [0x00000000efe80000,0x00000000efe80000,0x00000000f3500000)
 ParOldGen       total 256000K, used 112416K [0x00000000a0000000, 0x00000000afa00000, 0x00000000e0000000)
  object space 256000K, 43% used [0x00000000a0000000,0x00000000a6dc8088,0x00000000afa00000)
 Metaspace       used 73289K, capacity 75052K, committed 76120K, reserved 1122304K
  class space    used 9676K, capacity 10139K, committed 10368K, reserved 1048576K
Event: 18.888 GC heap after
Heap after GC invocations=20 (full 5):
 PSYoungGen      total 316416K, used 592K [0x00000000e0000000, 0x00000000f7900000, 0x0000000100000000)
  eden space 260608K, 0% used [0x00000000e0000000,0x00000000e0000000,0x00000000efe80000)
  from space 55808K, 1% used [0x00000000efe80000,0x00000000eff14128,0x00000000f3500000)
  to   space 55296K, 0% used [0x00000000f4300000,0x00000000f4300000,0x00000000f7900000)
 ParOldGen       total 256000K, used 112416K [0x00000000a0000000, 0x00000000afa00000, 0x00000000e0000000)
  object space 256000K, 43% used [0x00000000a0000000,0x00000000a6dc8088,0x00000000afa00000)
 Metaspace       used 73289K, capacity 75052K, committed 76120K, reserved 1122304K
  class space    used 9676K, capacity 10139K, committed 10368K, reserved 1048576K
}
Event: 18.888 GC heap before
{Heap before GC invocations=21 (full 6):
 PSYoungGen      total 316416K, used 592K [0x00000000e0000000, 0x00000000f7900000, 0x0000000100000000)
  eden space 260608K, 0% used [0x00000000e0000000,0x00000000e0000000,0x00000000efe80000)
  from space 55808K, 1% used [0x00000000efe80000,0x00000000eff14128,0x00000000f3500000)
  to   space 55296K, 0% used [0x00000000f4300000,0x00000000f4300000,0x00000000f7900000)
 ParOldGen       total 256000K, used 112416K [0x00000000a0000000, 0x00000000afa00000, 0x00000000e0000000)
  object space 256000K, 43% used [0x00000000a0000000,0x00000000a6dc8088,0x00000000afa00000)
 Metaspace       used 73289K, capacity 75052K, committed 76120K, reserved 1122304K
  class space    used 9676K, capacity 10139K, committed 10368K, reserved 1048576K
Event: 19.091 GC heap after
Heap after GC invocations=21 (full 6):
 PSYoungGen      total 316416K, used 0K [0x00000000e0000000, 0x00000000f7900000, 0x0000000100000000)
  eden space 260608K, 0% used [0x00000000e0000000,0x00000000e0000000,0x00000000efe80000)
  from space 55808K, 0% used [0x00000000efe80000,0x00000000efe80000,0x00000000f3500000)
  to   space 55296K, 0% used [0x00000000f4300000,0x00000000f4300000,0x00000000f7900000)
 ParOldGen       total 256000K, used 107908K [0x00000000a0000000, 0x00000000afa00000, 0x00000000e0000000)
  object space 256000K, 42% used [0x00000000a0000000,0x00000000a6961398,0x00000000afa00000)
 Metaspace       used 73289K, capacity 75052K, committed 76120K, reserved 1120256K
  class space    used 9676K, capacity 10139K, committed 10368K, reserved 1048576K
}
Event: 20.610 GC heap before
{Heap before GC invocations=22 (full 6):
 PSYoungGen      total 316416K, used 260608K [0x00000000e0000000, 0x00000000f7900000, 0x0000000100000000)
  eden space 260608K, 100% used [0x00000000e0000000,0x00000000efe80000,0x00000000efe80000)
  from space 55808K, 0% used [0x00000000efe80000,0x00000000efe80000,0x00000000f3500000)
  to   space 55296K, 0% used [0x00000000f4300000,0x00000000f4300000,0x00000000f7900000)
 ParOldGen       total 256000K, used 107908K [0x00000000a0000000, 0x00000000afa00000, 0x00000000e0000000)
  object space 256000K, 42% used [0x00000000a0000000,0x00000000a6961398,0x00000000afa00000)
 Metaspace       used 78346K, capacity 80236K, committed 81368K, reserved 1124352K
  class space    used 10245K, capacity 10743K, committed 11008K, reserved 1048576K
Event: 20.720 GC heap after
Heap after GC invocations=22 (full 6):
 PSYoungGen      total 315904K, used 55277K [0x00000000e0000000, 0x00000000f7900000, 0x0000000100000000)
  eden space 260608K, 0% used [0x00000000e0000000,0x00000000e0000000,0x00000000efe80000)
  from space 55296K, 99% used [0x00000000f4300000,0x00000000f78fb4f8,0x00000000f7900000)
  to   space 55808K, 0% used [0x00000000efe80000,0x00000000efe80000,0x00000000f3500000)
 ParOldGen       total 256000K, used 189681K [0x00000000a0000000, 0x00000000afa00000, 0x00000000e0000000)
  object space 256000K, 74% used [0x00000000a0000000,0x00000000ab93c430,0x00000000afa00000)
 Metaspace       used 78346K, capacity 80236K, committed 81368K, reserved 1124352K
  class space    used 10245K, capacity 10743K, committed 11008K, reserved 1048576K
}

Deoptimization events (10 events):
Event: 21.441 Thread 0x000000001caa7000 Uncommon trap: reason=bimorphic action=maybe_recompile pc=0x0000000004af2408 method=com.sun.tools.javac.tree.TreeScanner.visitVarDef(Lcom/sun/tools/javac/tree/JCTree$JCVariableDecl;)V @ 5
Event: 21.441 Thread 0x000000001caa7000 Uncommon trap: reason=bimorphic action=maybe_recompile pc=0x0000000004af2408 method=com.sun.tools.javac.tree.TreeScanner.visitVarDef(Lcom/sun/tools/javac/tree/JCTree$JCVariableDecl;)V @ 5
Event: 21.441 Thread 0x000000001caa7000 Uncommon trap: reason=bimorphic action=maybe_recompile pc=0x0000000004af2408 method=com.sun.tools.javac.tree.TreeScanner.visitVarDef(Lcom/sun/tools/javac/tree/JCTree$JCVariableDecl;)V @ 5
Event: 21.441 Thread 0x000000001caa7000 Uncommon trap: reason=bimorphic action=maybe_recompile pc=0x0000000004af2408 method=com.sun.tools.javac.tree.TreeScanner.visitVarDef(Lcom/sun/tools/javac/tree/JCTree$JCVariableDecl;)V @ 5
Event: 21.556 Thread 0x000000001caa7000 Uncommon trap: reason=unstable_if action=reinterpret pc=0x0000000004a1becc method=com.sun.tools.javac.util.IntHashTable.lookup(Ljava/lang/Object;I)I @ 67
Event: 21.556 Thread 0x000000001caa7000 Uncommon trap: reason=unstable_if action=reinterpret pc=0x0000000003cf8f60 method=com.sun.tools.javac.util.IntHashTable.putAtIndex(Ljava/lang/Object;II)I @ 18
Event: 21.606 Thread 0x000000001caa7000 Uncommon trap: reason=unstable_if action=reinterpret pc=0x0000000004a52718 method=com.sun.tools.javac.util.IntHashTable.lookup(Ljava/lang/Object;I)I @ 67
Event: 21.663 Thread 0x0000000019a34800 Uncommon trap: reason=speculate_class_check action=maybe_recompile pc=0x00000000041b121c method=java.util.AbstractList.listIterator()Ljava/util/ListIterator; @ 2
Event: 21.758 Thread 0x000000001caa7000 Uncommon trap: reason=unstable_if action=reinterpret pc=0x00000000037a9c58 method=com.sun.tools.javac.util.IntHashTable.lookup(Ljava/lang/Object;I)I @ 67
Event: 22.248 Thread 0x000000001caa7000 Uncommon trap: reason=unstable_if action=reinterpret pc=0x00000000048f39a0 method=com.sun.tools.javac.util.IntHashTable.rehash()V @ 88

Classes redefined (0 events):
No events

Internal exceptions (10 events):
Event: 19.611 Thread 0x000000001caa7000 Implicit null exception at 0x00000000033d05a5 to 0x00000000033d08f9
Event: 19.612 Thread 0x000000001caa7000 Implicit null exception at 0x00000000034e31e0 to 0x00000000034e341d
Event: 19.633 Thread 0x000000001caa7000 Exception <a 'java/lang/ClassNotFoundException': com/sun/org/glassfish/hk2/osgiresourcelocator/ServiceLoader> (0x00000000e4d26bd0) thrown at [D:\src\AOSP-openjdk-cygwin\jdk8u\hotspot\src\share\vm\classfile\systemDictionary.cpp, line 210]
Event: 19.638 Thread 0x000000001caa7000 Exception <a 'java/lang/NullPointerException'> (0x00000000e4d468b8) thrown at [D:\src\AOSP-openjdk-cygwin\jdk8u\hotspot\src\share\vm\interpreter\linkResolver.cpp, line 1287]
Event: 19.646 Thread 0x000000001caa7000 Implicit null exception at 0x0000000003d51c98 to 0x0000000003d525a5
Event: 19.737 Thread 0x000000001caa7000 Implicit null exception at 0x000000000387dd2f to 0x000000000387ddcd
Event: 20.429 Thread 0x000000001caa7000 Implicit null exception at 0x0000000004bb1aa3 to 0x0000000004bb1f31
Event: 20.516 Thread 0x000000001caa7000 Implicit null exception at 0x0000000003326ae4 to 0x0000000003326bdd
Event: 20.516 Thread 0x000000001caa7000 Implicit null exception at 0x00000000049f7e24 to 0x00000000049f7f1d
Event: 20.827 Thread 0x000000001caa7000 Implicit null exception at 0x0000000004e095fd to 0x0000000004e0a45e

Events (10 events):
Event: 22.095 Thread 0x000000001caa7000 DEOPT UNPACKING pc=0x0000000002ed75d0 sp=0x0000000024409b48 mode 0
Event: 22.096 Thread 0x000000001caa7000 DEOPT PACKING pc=0x0000000004f9f796 sp=0x0000000024409db0
Event: 22.096 Thread 0x000000001caa7000 DEOPT UNPACKING pc=0x0000000002ed75d0 sp=0x0000000024409b48 mode 0
Event: 22.097 Thread 0x000000001caa7000 DEOPT PACKING pc=0x0000000004f9f796 sp=0x0000000024409db0
Event: 22.097 Thread 0x000000001caa7000 DEOPT UNPACKING pc=0x0000000002ed75d0 sp=0x0000000024409b48 mode 0
Event: 22.211 Thread 0x000000001caa7000 DEOPT PACKING pc=0x0000000004fed0c4 sp=0x000000002440a580
Event: 22.211 Thread 0x000000001caa7000 DEOPT UNPACKING pc=0x0000000002ed75d0 sp=0x000000002440a308 mode 0
Event: 22.248 Thread 0x000000001caa7000 Uncommon trap: trap_request=0xffffff65 fr.pc=0x00000000048f39a0
Event: 22.248 Thread 0x000000001caa7000 DEOPT PACKING pc=0x00000000048f39a0 sp=0x000000002440a730
Event: 22.248 Thread 0x000000001caa7000 DEOPT UNPACKING pc=0x0000000002ed557b sp=0x000000002440a6c0 mode 2


Dynamic libraries:
0x00007ff68db40000 - 0x00007ff68db71000 	C:\Program Files\Android\Android Studio\jre\bin\java.exe
0x00007ffe05930000 - 0x00007ffe05b1d000 	C:\WINDOWS\SYSTEM32\ntdll.dll
0x00007ffe053a0000 - 0x00007ffe05453000 	C:\WINDOWS\System32\KERNEL32.DLL
0x00007ffe01bd0000 - 0x00007ffe01e63000 	C:\WINDOWS\System32\KERNELBASE.dll
0x00007ffe05850000 - 0x00007ffe058f3000 	C:\WINDOWS\System32\ADVAPI32.dll
0x00007ffe05670000 - 0x00007ffe0570e000 	C:\WINDOWS\System32\msvcrt.dll
0x00007ffe04ab0000 - 0x00007ffe04b4e000 	C:\WINDOWS\System32\sechost.dll
0x00007ffe04fd0000 - 0x00007ffe050f2000 	C:\WINDOWS\System32\RPCRT4.dll
0x00007ffe05180000 - 0x00007ffe05317000 	C:\WINDOWS\System32\USER32.dll
0x00007ffe028e0000 - 0x00007ffe02900000 	C:\WINDOWS\System32\win32u.dll
0x00007ffe04a80000 - 0x00007ffe04aa9000 	C:\WINDOWS\System32\GDI32.dll
0x00007ffe01f70000 - 0x00007ffe02109000 	C:\WINDOWS\System32\gdi32full.dll
0x00007ffe02900000 - 0x00007ffe029a0000 	C:\WINDOWS\System32\msvcp_win.dll
0x00007ffe02a50000 - 0x00007ffe02b4a000 	C:\WINDOWS\System32\ucrtbase.dll
0x00007ffdf13b0000 - 0x00007ffdf1629000 	C:\WINDOWS\WinSxS\amd64_microsoft.windows.common-controls_6595b64144ccf1df_6.0.17763.737_none_05b6437c071e554b\COMCTL32.dll
0x00007ffe02e70000 - 0x00007ffe0319c000 	C:\WINDOWS\System32\combase.dll
0x00007ffe02860000 - 0x00007ffe028de000 	C:\WINDOWS\System32\bcryptPrimitives.dll
0x00007ffe05820000 - 0x00007ffe0584e000 	C:\WINDOWS\System32\IMM32.DLL
0x0000000073120000 - 0x00000000731f2000 	C:\Program Files\Android\Android Studio\jre\jre\bin\msvcr100.dll
0x0000000071af0000 - 0x0000000072336000 	C:\Program Files\Android\Android Studio\jre\jre\bin\server\jvm.dll
0x00007ffe05320000 - 0x00007ffe05328000 	C:\WINDOWS\System32\PSAPI.DLL
0x00007ffdf3380000 - 0x00007ffdf3389000 	C:\WINDOWS\SYSTEM32\WSOCK32.dll
0x00007ffe05330000 - 0x00007ffe0539d000 	C:\WINDOWS\System32\WS2_32.dll
0x00007ffdffa30000 - 0x00007ffdffa54000 	C:\WINDOWS\SYSTEM32\WINMM.dll
0x00007ffdf7b80000 - 0x00007ffdf7b8a000 	C:\WINDOWS\SYSTEM32\VERSION.dll
0x00007ffdff9d0000 - 0x00007ffdff9fd000 	C:\WINDOWS\SYSTEM32\WINMMBASE.dll
0x00007ffe01f20000 - 0x00007ffe01f6a000 	C:\WINDOWS\System32\cfgmgr32.dll
0x00007ffdfe480000 - 0x00007ffdfe48f000 	C:\Program Files\Android\Android Studio\jre\jre\bin\verify.dll
0x00007ffdf5ce0000 - 0x00007ffdf5d09000 	C:\Program Files\Android\Android Studio\jre\jre\bin\java.dll
0x00007ffdf5c70000 - 0x00007ffdf5c86000 	C:\Program Files\Android\Android Studio\jre\jre\bin\zip.dll
0x00007ffe034a0000 - 0x00007ffe04992000 	C:\WINDOWS\System32\SHELL32.dll
0x00007ffe049c0000 - 0x00007ffe04a68000 	C:\WINDOWS\System32\shcore.dll
0x00007ffe02110000 - 0x00007ffe0285a000 	C:\WINDOWS\System32\windows.storage.dll
0x00007ffe019c0000 - 0x00007ffe019e4000 	C:\WINDOWS\System32\profapi.dll
0x00007ffe01940000 - 0x00007ffe0199d000 	C:\WINDOWS\System32\powrprof.dll
0x00007ffe02d90000 - 0x00007ffe02de2000 	C:\WINDOWS\System32\shlwapi.dll
0x00007ffe01920000 - 0x00007ffe01931000 	C:\WINDOWS\System32\kernel.appcore.dll
0x00007ffe01ed0000 - 0x00007ffe01ee7000 	C:\WINDOWS\System32\cryptsp.dll
0x00007ffdf5c50000 - 0x00007ffdf5c6a000 	C:\Program Files\Android\Android Studio\jre\jre\bin\net.dll
0x00007ffe01130000 - 0x00007ffe01197000 	C:\WINDOWS\system32\mswsock.dll
0x00007ffdf5c30000 - 0x00007ffdf5c41000 	C:\Program Files\Android\Android Studio\jre\jre\bin\nio.dll
0x00007ffdf2f50000 - 0x00007ffdf2f76000 	C:\Users\Himan\.gradle\native\29\windows-amd64\native-platform.dll
0x00007ffdfe460000 - 0x00007ffdfe46d000 	C:\Program Files\Android\Android Studio\jre\jre\bin\management.dll
0x00007ffe00cb0000 - 0x00007ffe00ce3000 	C:\WINDOWS\system32\rsaenh.dll
0x00007ffe01ef0000 - 0x00007ffe01f16000 	C:\WINDOWS\System32\bcrypt.dll
0x00007ffe01850000 - 0x00007ffe01878000 	C:\WINDOWS\SYSTEM32\USERENV.dll
0x00007ffe01300000 - 0x00007ffe0130c000 	C:\WINDOWS\SYSTEM32\CRYPTBASE.dll
0x00007ffe00e50000 - 0x00007ffe00e8d000 	C:\WINDOWS\SYSTEM32\IPHLPAPI.DLL
0x00007ffe04a70000 - 0x00007ffe04a78000 	C:\WINDOWS\System32\NSI.dll
0x00007ffdf80c0000 - 0x00007ffdf80d6000 	C:\WINDOWS\SYSTEM32\dhcpcsvc6.DLL
0x00007ffdfa590000 - 0x00007ffdfa5ac000 	C:\WINDOWS\SYSTEM32\dhcpcsvc.DLL
0x00007ffe00e90000 - 0x00007ffe00f56000 	C:\WINDOWS\SYSTEM32\DNSAPI.dll

VM Arguments:
jvm_args: -Xmx1536m -Dfile.encoding=windows-1252 -Duser.country=US -Duser.language=en -Duser.variant 
java_command: org.gradle.launcher.daemon.bootstrap.GradleDaemon 5.4.1
java_class_path (initial): C:\Users\Himan\.gradle\wrapper\dists\gradle-5.4.1-all\3221gyojl5jsh0helicew7rwx\gradle-5.4.1\lib\gradle-launcher-5.4.1.jar
Launcher Type: SUN_STANDARD

Environment Variables:
JAVA_HOME=C:\Program Files (x86)\Java\jre1.8.0_211
PATH=C:\Program Files (x86)\Common Files\Oracle\Java\javapath;C:\WINDOWS\system32;C:\WINDOWS;C:\WINDOWS\System32\Wbem;C:\WINDOWS\System32\WindowsPowerShell\v1.0\;C:\WINDOWS\System32\OpenSSH\;C:\Program Files\Git\cmd;C:\Program Files (x86)\Java\jre1.8.0_211;C:\Users\Himan\AppData\Local\Microsoft\WindowsApps;C:\Program Files (x86)\Java\jre1.8.0_211;C:\Users\Himan\AppData\Local\Programs\Microsoft VS Code\bin;C:\src\flutter\bin;
USERNAME=Himan
OS=Windows_NT
PROCESSOR_IDENTIFIER=Intel64 Family 6 Model 60 Stepping 3, GenuineIntel



---------------  S Y S T E M  ---------------

OS: Windows 10.0 , 64 bit Build 17763 (10.0.17763.475)

CPU:total 4 (initial active 4) (2 cores per cpu, 2 threads per core) family 6 model 60 stepping 3, cmov, cx8, fxsr, mmx, sse, sse2, sse3, ssse3, sse4.1, sse4.2, popcnt, avx, avx2, aes, clmul, erms, lzcnt, ht, tsc, tscinvbit, bmi1, bmi2

Memory: 4k page, physical 16646332k(2553228k free), swap 24112312k(664k free)

vm_info: OpenJDK 64-Bit Server VM (25.202-b03) for windows-amd64 JRE (1.8.0_202-release-1483-b03), built by "builder" with MS VC++ 10.0 (VS2010)

time: Wed Sep 18 12:38:17 2019
timezone: India Standard Time
elapsed time: 22 seconds (0d 0h 0m 22s)

