#
# There is insufficient memory for the Java Runtime Environment to continue.
# Native memory allocation (malloc) failed to allocate 1213616 bytes for Chunk::new
# Possible reasons:
#   The system is out of physical RAM or swap space
#   The process is running with CompressedOops enabled, and the Java Heap may be blocking the growth of the native heap
# Possible solutions:
#   Reduce memory load on the system
#   Increase physical memory or swap space
#   Check if swap backing store is full
#   Decrease Java heap size (-Xmx/-Xms)
#   Decrease number of Java threads
#   Decrease Java thread stack sizes (-Xss)
#   Set larger code cache with -XX:ReservedCodeCacheSize=
#   JVM is running with Unscaled Compressed Oops mode in which the Java heap is
#     placed in the first 4GB address space. The Java Heap base address is the
#     maximum limit for the native heap growth. Please use -XX:HeapBaseMinAddress
#     to set the Java Heap base and to place the Java Heap above 4GB virtual address.
# This output file may be truncated or incomplete.
#
#  Out of Memory Error (allocation.cpp:389), pid=2200, tid=0x00000000000031c4
#
# JRE version: OpenJDK Runtime Environment (8.0_202-b03) (build 1.8.0_202-release-1483-b03)
# Java VM: OpenJDK 64-Bit Server VM (25.202-b03 mixed mode windows-amd64 compressed oops)
# Failed to write core dump. Minidumps are not enabled by default on client versions of Windows
#

---------------  T H R E A D  ---------------

Current thread (0x0000000016869000):  JavaThread "C2 CompilerThread0" daemon [_thread_in_native, id=12740, stack(0x0000000017ec0000,0x0000000017fc0000)]

Stack: [0x0000000017ec0000,0x0000000017fc0000]
[error occurred during error reporting (printing stack bounds), id 0xc0000005]

Native frames: (J=compiled Java code, j=interpreted, Vv=VM code, C=native code)


Current CompileTask:
C2: 147665 17751       4       com.sun.tools.javac.comp.Resolve::findInheritedMemberType (202 bytes)


---------------  P R O C E S S  ---------------

Java Threads: ( => current thread )
  0x000000001d726800 JavaThread "Cache worker for Java compile cache (E:\Himanshu\Android\ClientProject\Amiggos\.gradle\5.4.1\javaCompile)" [_thread_blocked, id=12320, stack(0x0000000029960000,0x0000000029a60000)]
  0x000000001d725800 JavaThread "Cache worker for Java compile cache (C:\Users\Himan\.gradle\caches\5.4.1\javaCompile)" [_thread_blocked, id=12016, stack(0x0000000029860000,0x0000000029960000)]
  0x000000001d72a000 JavaThread "WorkerExecutor Queue Thread 6" [_thread_blocked, id=3144, stack(0x0000000029760000,0x0000000029860000)]
  0x000000001d729800 JavaThread "RMI TCP Connection(2)-127.0.0.1" daemon [_thread_in_native, id=6268, stack(0x0000000029660000,0x0000000029760000)]
  0x000000001d71e000 JavaThread "RMI Reaper" [_thread_blocked, id=9720, stack(0x0000000029560000,0x0000000029660000)]
  0x000000001d725000 JavaThread "RMI TCP Accept-0" daemon [_thread_in_native, id=9428, stack(0x0000000029460000,0x0000000029560000)]
  0x000000001d71d000 JavaThread "GC Daemon" daemon [_thread_blocked, id=12400, stack(0x0000000029360000,0x0000000029460000)]
  0x000000001d71c800 JavaThread "RMI Scheduler(0)" daemon [_thread_blocked, id=13512, stack(0x0000000029160000,0x0000000029260000)]
  0x000000001d71f800 JavaThread "WorkerExecutor Queue Thread 5" [_thread_blocked, id=14004, stack(0x0000000028f60000,0x0000000029060000)]
  0x000000001d721000 JavaThread "stdout" [_thread_in_native, id=11864, stack(0x0000000028e60000,0x0000000028f60000)]
  0x000000001d71f000 JavaThread "stderr" [_thread_in_native, id=11224, stack(0x0000000028d60000,0x0000000028e60000)]
  0x000000001d71b800 JavaThread "stdout" [_thread_in_native, id=6616, stack(0x0000000028c60000,0x0000000028d60000)]
  0x000000001d720800 JavaThread "stderr" [_thread_in_native, id=8968, stack(0x0000000028b60000,0x0000000028c60000)]
  0x000000001c407800 JavaThread "stdout" [_thread_in_native, id=9692, stack(0x0000000028a60000,0x0000000028b60000)]
  0x000000001c402800 JavaThread "stderr" [_thread_in_native, id=4808, stack(0x0000000028960000,0x0000000028a60000)]
  0x000000001c3ff800 JavaThread "stdout" [_thread_in_native, id=1500, stack(0x0000000028860000,0x0000000028960000)]
  0x000000001f40c000 JavaThread "stderr" [_thread_in_native, id=13028, stack(0x0000000028760000,0x0000000028860000)]
  0x000000001f40b800 JavaThread "pool-5-thread-1" [_thread_blocked, id=8024, stack(0x0000000028660000,0x0000000028760000)]
  0x000000001f403000 JavaThread "MarlinRenderer Disposer" daemon [_thread_blocked, id=7236, stack(0x0000000028560000,0x0000000028660000)]
  0x000000001f406000 JavaThread "Java2D Disposer" daemon [_thread_blocked, id=7064, stack(0x0000000028460000,0x0000000028560000)]
  0x000000001f409800 JavaThread "WorkerExecutor Queue Thread 3" [_thread_blocked, id=1080, stack(0x0000000028160000,0x0000000028260000)]
  0x000000001f400800 JavaThread "WorkerExecutor Queue" [_thread_blocked, id=8776, stack(0x0000000027f60000,0x0000000028060000)]
  0x000000001f407800 JavaThread "Cache worker for execution history cache (E:\Himanshu\Android\ClientProject\Amiggos\.gradle\5.4.1\executionHistory)" [_thread_blocked, id=7952, stack(0x0000000027e60000,0x0000000027f60000)]
  0x000000001f405000 JavaThread "Execution worker for ':' Thread 3" [_thread_blocked, id=11628, stack(0x0000000027d60000,0x0000000027e60000)]
  0x000000001f401800 JavaThread "Execution worker for ':' Thread 2" [_thread_blocked, id=2292, stack(0x0000000027c60000,0x0000000027d60000)]
  0x000000001f3fe800 JavaThread "Execution worker for ':'" [_thread_blocked, id=3604, stack(0x0000000027b60000,0x0000000027c60000)]
  0x000000001f3fd800 JavaThread "Cache worker for file content cache (E:\Himanshu\Android\ClientProject\Amiggos\.gradle\5.4.1\fileContent)" [_thread_blocked, id=5208, stack(0x0000000027a60000,0x0000000027b60000)]
  0x000000001f3ff000 JavaThread "Cache worker for file content cache (C:\Users\Himan\.gradle\caches\5.4.1\fileContent)" [_thread_blocked, id=6832, stack(0x0000000027960000,0x0000000027a60000)]
  0x0000000019c22800 JavaThread "Cache worker for Build Output Cleanup Cache (E:\Himanshu\Android\ClientProject\Amiggos\.gradle\buildOutputCleanup)" [_thread_blocked, id=10060, stack(0x0000000027860000,0x0000000027960000)]
  0x0000000019c21000 JavaThread "Build operations Thread 4" [_thread_blocked, id=6112, stack(0x0000000027760000,0x0000000027860000)]
  0x0000000019c1e800 JavaThread "Build operations Thread 3" [_thread_blocked, id=7744, stack(0x0000000027660000,0x0000000027760000)]
  0x000000001c40d000 JavaThread "Build operations Thread 2" [_thread_blocked, id=9452, stack(0x0000000027560000,0x0000000027660000)]
  0x000000001c40c000 JavaThread "Build operations" [_thread_blocked, id=8760, stack(0x0000000027460000,0x0000000027560000)]
  0x000000001c40b800 JavaThread "Cache worker for cache directory md-rule (C:\Users\Himan\.gradle\caches\5.4.1\md-rule)" [_thread_blocked, id=7324, stack(0x0000000027360000,0x0000000027460000)]
  0x000000001c40a000 JavaThread "Cache worker for cache directory md-supplier (C:\Users\Himan\.gradle\caches\5.4.1\md-supplier)" [_thread_blocked, id=1552, stack(0x0000000027260000,0x0000000027360000)]
  0x000000001c40a800 JavaThread "Cache worker for file hash cache (E:\Himanshu\Android\ClientProject\Amiggos\.gradle\5.4.1\fileHashes)" [_thread_blocked, id=6488, stack(0x0000000027160000,0x0000000027260000)]
  0x000000001c400000 JavaThread "Thread-42" [_thread_blocked, id=10720, stack(0x0000000027060000,0x0000000027160000)]
  0x000000001c3fe800 JavaThread "Asynchronous log dispatcher for DefaultDaemonConnection: socket connection from /127.0.0.1:54657 to /127.0.0.1:54672" [_thread_blocked, id=10572, stack(0x0000000026e60000,0x0000000026f60000)]
  0x000000001c3fe000 JavaThread "Cancel handler" [_thread_blocked, id=3828, stack(0x0000000026d60000,0x0000000026e60000)]
  0x000000001c403000 JavaThread "Handler for socket connection from /127.0.0.1:54657 to /127.0.0.1:54672" [_thread_in_native, id=4696, stack(0x0000000026c60000,0x0000000026d60000)]
  0x000000001c401800 JavaThread "Memory manager" [_thread_blocked, id=7512, stack(0x00000000235e0000,0x00000000236e0000)]
  0x0000000019c1b800 JavaThread "Cache worker for execution history cache (C:\Users\Himan\.gradle\caches\5.4.1\executionHistory)" [_thread_blocked, id=12244, stack(0x0000000020550000,0x0000000020650000)]
  0x0000000019c1d000 JavaThread "Cache worker for journal cache (C:\Users\Himan\.gradle\caches\journal-1)" [_thread_blocked, id=11096, stack(0x000000001b410000,0x000000001b510000)]
  0x0000000019c1c800 JavaThread "File lock request listener" [_thread_in_native, id=1812, stack(0x000000001b310000,0x000000001b410000)]
  0x0000000019ad9000 JavaThread "Cache worker for file hash cache (C:\Users\Himan\.gradle\caches\5.4.1\fileHashes)" [_thread_blocked, id=14284, stack(0x000000001b210000,0x000000001b310000)]
  0x00000000199f0000 JavaThread "Daemon worker" [_thread_in_Java, id=6072, stack(0x000000001ae10000,0x000000001af10000)]
  0x00000000199be800 JavaThread "Daemon" [_thread_blocked, id=9468, stack(0x000000001a910000,0x000000001aa10000)]
  0x000000001948e000 JavaThread "Daemon periodic checks" [_thread_blocked, id=6596, stack(0x000000001a810000,0x000000001a910000)]
  0x000000001964e000 JavaThread "Incoming local TCP Connector on port 54657" [_thread_in_native, id=6612, stack(0x000000001a5d0000,0x000000001a6d0000)]
  0x0000000019a0d800 JavaThread "Daemon health stats" [_thread_blocked, id=12556, stack(0x0000000019f90000,0x000000001a090000)]
  0x00000000181e0800 JavaThread "Service Thread" daemon [_thread_blocked, id=4884, stack(0x00000000185c0000,0x00000000186c0000)]
  0x0000000016879000 JavaThread "C1 CompilerThread2" daemon [_thread_blocked, id=12360, stack(0x00000000180c0000,0x00000000181c0000)]
  0x0000000016871000 JavaThread "C2 CompilerThread1" daemon [_thread_blocked, id=9376, stack(0x0000000017fc0000,0x00000000180c0000)]
=>0x0000000016869000 JavaThread "C2 CompilerThread0" daemon [_thread_in_native, id=12740, stack(0x0000000017ec0000,0x0000000017fc0000)]
  0x0000000016876800 JavaThread "Attach Listener" daemon [_thread_blocked, id=1152, stack(0x0000000017dc0000,0x0000000017ec0000)]
  0x0000000016875800 JavaThread "Signal Dispatcher" daemon [_thread_blocked, id=12232, stack(0x0000000017cc0000,0x0000000017dc0000)]
  0x0000000002efc000 JavaThread "Finalizer" daemon [_thread_blocked, id=5688, stack(0x0000000017ac0000,0x0000000017bc0000)]
  0x0000000016859000 JavaThread "Reference Handler" daemon [_thread_blocked, id=6872, stack(0x00000000179c0000,0x0000000017ac0000)]
  0x0000000002dfe000 JavaThread "main" [_thread_blocked, id=11196, stack(0x0000000002c30000,0x0000000002d30000)]

Other Threads:
  0x0000000016836800 VMThread [stack: 0x00000000178c0000,0x00000000179c0000] [id=11300]
  0x00000000168ce800 WatcherThread [stack: 0x00000000186c0000,0x00000000187c0000] [id=13488]

VM state:not at safepoint (normal execution)

VM Mutex/Monitor currently owned by a thread: None

heap address: 0x00000000a0000000, size: 1536 MB, Compressed Oops mode: 32-bit
Narrow klass base: 0x0000000000000000, Narrow klass shift: 3
Compressed class space size: 1073741824 Address: 0x0000000100000000

Heap:
 PSYoungGen      total 387072K, used 4164K [0x00000000e0000000, 0x00000000fd200000, 0x0000000100000000)
  eden space 338944K, 1% used [0x00000000e0000000,0x00000000e04111d0,0x00000000f4b00000)
  from space 48128K, 0% used [0x00000000f4b00000,0x00000000f4b00000,0x00000000f7a00000)
  to   space 46592K, 0% used [0x00000000fa480000,0x00000000fa480000,0x00000000fd200000)
 ParOldGen       total 276480K, used 269207K [0x00000000a0000000, 0x00000000b0e00000, 0x00000000e0000000)
  object space 276480K, 97% used [0x00000000a0000000,0x00000000b06e5c48,0x00000000b0e00000)
 Metaspace       used 100313K, capacity 104232K, committed 104640K, reserved 1140736K
  class space    used 12851K, capacity 13713K, committed 13824K, reserved 1048576K

Card table byte_map: [0x00000000122c0000,0x00000000125d0000] byte_map_base: 0x0000000011dc0000

Marking Bits: (ParMarkBitMap*) 0x00000000722b9f30
 Begin Bits: [0x0000000012bd0000, 0x00000000143d0000)
 End Bits:   [0x00000000143d0000, 0x0000000015bd0000)

Polling page: 0x0000000001010000

CodeCache: size=245760Kb used=51291Kb max_used=51309Kb free=194468Kb
 bounds [0x0000000002f00000, 0x0000000006160000, 0x0000000011f00000]
 total_blobs=15412 nmethods=14414 adapters=910
 compilation: enabled

Compilation events (10 events):
Event: 146.737 Thread 0x0000000016879000 nmethod 17788 0x000000000614add0 code [0x000000000614afa0, 0x000000000614b738]
Event: 146.737 Thread 0x0000000016879000 17789       3       org.apache.xerces.dom.DeferredDocumentImpl::ensureCapacity (358 bytes)
Event: 146.738 Thread 0x0000000016879000 nmethod 17789 0x000000000614b9d0 code [0x000000000614bdc0, 0x000000000614edc8]
Event: 146.752 Thread 0x0000000016871000 nmethod 17725 0x0000000006154090 code [0x00000000061542a0, 0x00000000061550e8]
Event: 146.752 Thread 0x0000000016871000 17790       4       org.apache.xerces.dom.DeferredDocumentImpl::ensureCapacity (358 bytes)
Event: 146.794 Thread 0x0000000016871000 nmethod 17790 0x000000000615a410 code [0x000000000615a6a0, 0x000000000615ca18]
Event: 146.794 Thread 0x0000000016871000 17735       4       com.sun.tools.javac.code.Symbol$MethodSymbol::<init> (83 bytes)
Event: 146.795 Thread 0x0000000016871000 nmethod 17735 0x0000000006151010 code [0x0000000006151160, 0x0000000006151258]
Event: 147.659 Thread 0x0000000016871000 17791       4       org.apache.xerces.impl.XMLEntityScanner::load (198 bytes)
Event: 147.662 Thread 0x0000000016871000 nmethod 17791 0x0000000006150950 code [0x0000000006150ac0, 0x0000000006150d28]

GC Heap History (10 events):
Event: 143.797 GC heap before
{Heap before GC invocations=19 (full 3):
 PSYoungGen      total 387072K, used 353602K [0x00000000e0000000, 0x00000000fd200000, 0x0000000100000000)
  eden space 338944K, 100% used [0x00000000e0000000,0x00000000f4b00000,0x00000000f4b00000)
  from space 48128K, 30% used [0x00000000f4b00000,0x00000000f5950938,0x00000000f7a00000)
  to   space 46592K, 0% used [0x00000000fa480000,0x00000000fa480000,0x00000000fd200000)
 ParOldGen       total 247808K, used 104010K [0x00000000a0000000, 0x00000000af200000, 0x00000000e0000000)
  object space 247808K, 41% used [0x00000000a0000000,0x00000000a65928a8,0x00000000af200000)
 Metaspace       used 91985K, capacity 95796K, committed 95960K, reserved 1132544K
  class space    used 11962K, capacity 12763K, committed 12800K, reserved 1048576K
Event: 143.866 GC heap after
Heap after GC invocations=19 (full 3):
 PSYoungGen      total 385536K, used 46591K [0x00000000e0000000, 0x00000000fd200000, 0x0000000100000000)
  eden space 338944K, 0% used [0x00000000e0000000,0x00000000e0000000,0x00000000f4b00000)
  from space 46592K, 99% used [0x00000000fa480000,0x00000000fd1ffe40,0x00000000fd200000)
  to   space 48128K, 0% used [0x00000000f4b00000,0x00000000f4b00000,0x00000000f7a00000)
 ParOldGen       total 247808K, used 129577K [0x00000000a0000000, 0x00000000af200000, 0x00000000e0000000)
  object space 247808K, 52% used [0x00000000a0000000,0x00000000a7e8a418,0x00000000af200000)
 Metaspace       used 91985K, capacity 95796K, committed 95960K, reserved 1132544K
  class space    used 11962K, capacity 12763K, committed 12800K, reserved 1048576K
}
Event: 144.254 GC heap before
{Heap before GC invocations=20 (full 3):
 PSYoungGen      total 385536K, used 78939K [0x00000000e0000000, 0x00000000fd200000, 0x0000000100000000)
  eden space 338944K, 9% used [0x00000000e0000000,0x00000000e1f96df0,0x00000000f4b00000)
  from space 46592K, 99% used [0x00000000fa480000,0x00000000fd1ffe40,0x00000000fd200000)
  to   space 48128K, 0% used [0x00000000f4b00000,0x00000000f4b00000,0x00000000f7a00000)
 ParOldGen       total 247808K, used 129577K [0x00000000a0000000, 0x00000000af200000, 0x00000000e0000000)
  object space 247808K, 52% used [0x00000000a0000000,0x00000000a7e8a418,0x00000000af200000)
 Metaspace       used 94518K, capacity 98368K, committed 98496K, reserved 1134592K
  class space    used 12210K, capacity 13025K, committed 13056K, reserved 1048576K
Event: 144.303 GC heap after
Heap after GC invocations=20 (full 3):
 PSYoungGen      total 387072K, used 5068K [0x00000000e0000000, 0x00000000fd200000, 0x0000000100000000)
  eden space 338944K, 0% used [0x00000000e0000000,0x00000000e0000000,0x00000000f4b00000)
  from space 48128K, 10% used [0x00000000f4b00000,0x00000000f4ff33e8,0x00000000f7a00000)
  to   space 46592K, 0% used [0x00000000fa480000,0x00000000fa480000,0x00000000fd200000)
 ParOldGen       total 247808K, used 176037K [0x00000000a0000000, 0x00000000af200000, 0x00000000e0000000)
  object space 247808K, 71% used [0x00000000a0000000,0x00000000aabe94b8,0x00000000af200000)
 Metaspace       used 94518K, capacity 98368K, committed 98496K, reserved 1134592K
  class space    used 12210K, capacity 13025K, committed 13056K, reserved 1048576K
}
Event: 144.303 GC heap before
{Heap before GC invocations=21 (full 4):
 PSYoungGen      total 387072K, used 5068K [0x00000000e0000000, 0x00000000fd200000, 0x0000000100000000)
  eden space 338944K, 0% used [0x00000000e0000000,0x00000000e0000000,0x00000000f4b00000)
  from space 48128K, 10% used [0x00000000f4b00000,0x00000000f4ff33e8,0x00000000f7a00000)
  to   space 46592K, 0% used [0x00000000fa480000,0x00000000fa480000,0x00000000fd200000)
 ParOldGen       total 247808K, used 176037K [0x00000000a0000000, 0x00000000af200000, 0x00000000e0000000)
  object space 247808K, 71% used [0x00000000a0000000,0x00000000aabe94b8,0x00000000af200000)
 Metaspace       used 94518K, capacity 98368K, committed 98496K, reserved 1134592K
  class space    used 12210K, capacity 13025K, committed 13056K, reserved 1048576K
Event: 144.987 GC heap after
Heap after GC invocations=21 (full 4):
 PSYoungGen      total 387072K, used 0K [0x00000000e0000000, 0x00000000fd200000, 0x0000000100000000)
  eden space 338944K, 0% used [0x00000000e0000000,0x00000000e0000000,0x00000000f4b00000)
  from space 48128K, 0% used [0x00000000f4b00000,0x00000000f4b00000,0x00000000f7a00000)
  to   space 46592K, 0% used [0x00000000fa480000,0x00000000fa480000,0x00000000fd200000)
 ParOldGen       total 247808K, used 156738K [0x00000000a0000000, 0x00000000af200000, 0x00000000e0000000)
  object space 247808K, 63% used [0x00000000a0000000,0x00000000a9910ab0,0x00000000af200000)
 Metaspace       used 94518K, capacity 98368K, committed 98496K, reserved 1134592K
  class space    used 12210K, capacity 13025K, committed 13056K, reserved 1048576K
}
Event: 146.803 GC heap before
{Heap before GC invocations=22 (full 4):
 PSYoungGen      total 387072K, used 338944K [0x00000000e0000000, 0x00000000fd200000, 0x0000000100000000)
  eden space 338944K, 100% used [0x00000000e0000000,0x00000000f4b00000,0x00000000f4b00000)
  from space 48128K, 0% used [0x00000000f4b00000,0x00000000f4b00000,0x00000000f7a00000)
  to   space 46592K, 0% used [0x00000000fa480000,0x00000000fa480000,0x00000000fd200000)
 ParOldGen       total 247808K, used 156738K [0x00000000a0000000, 0x00000000af200000, 0x00000000e0000000)
  object space 247808K, 63% used [0x00000000a0000000,0x00000000a9910ab0,0x00000000af200000)
 Metaspace       used 100313K, capacity 104232K, committed 104640K, reserved 1140736K
  class space    used 12851K, capacity 13713K, committed 13824K, reserved 1048576K
Event: 147.005 GC heap after
Heap after GC invocations=22 (full 4):
 PSYoungGen      total 387072K, used 338944K [0x00000000e0000000, 0x00000000fd200000, 0x0000000100000000)
  eden space 338944K, 100% used [0x00000000e0000000,0x00000000f4b00000,0x00000000f4b00000)
  from space 48128K, 0% used [0x00000000f4b00000,0x00000000f4b00000,0x00000000f7a00000)
  to   space 46592K, 99% used [0x00000000fa480000,0x00000000fd1f9c30,0x00000000fd200000)
 ParOldGen       total 276480K, used 276477K [0x00000000a0000000, 0x00000000b0e00000, 0x00000000e0000000)
  object space 276480K, 99% used [0x00000000a0000000,0x00000000b0dff4d8,0x00000000b0e00000)
 Metaspace       used 100313K, capacity 104232K, committed 104640K, reserved 1140736K
  class space    used 12851K, capacity 13713K, committed 13824K, reserved 1048576K
}
Event: 147.005 GC heap before
{Heap before GC invocations=23 (full 5):
 PSYoungGen      total 387072K, used 338944K [0x00000000e0000000, 0x00000000fd200000, 0x0000000100000000)
  eden space 338944K, 100% used [0x00000000e0000000,0x00000000f4b00000,0x00000000f4b00000)
  from space 48128K, 0% used [0x00000000f4b00000,0x00000000f4b00000,0x00000000f7a00000)
  to   space 46592K, 99% used [0x00000000fa480000,0x00000000fd1f9c30,0x00000000fd200000)
 ParOldGen       total 276480K, used 276477K [0x00000000a0000000, 0x00000000b0e00000, 0x00000000e0000000)
  object space 276480K, 99% used [0x00000000a0000000,0x00000000b0dff4d8,0x00000000b0e00000)
 Metaspace       used 100313K, capacity 104232K, committed 104640K, reserved 1140736K
  class space    used 12851K, capacity 13713K, committed 13824K, reserved 1048576K
Event: 147.657 GC heap after
Heap after GC invocations=23 (full 5):
 PSYoungGen      total 387072K, used 0K [0x00000000e0000000, 0x00000000fd200000, 0x0000000100000000)
  eden space 338944K, 0% used [0x00000000e0000000,0x00000000e0000000,0x00000000f4b00000)
  from space 48128K, 0% used [0x00000000f4b00000,0x00000000f4b00000,0x00000000f7a00000)
  to   space 46592K, 0% used [0x00000000fa480000,0x00000000fa480000,0x00000000fd200000)
 ParOldGen       total 276480K, used 269207K [0x00000000a0000000, 0x00000000b0e00000, 0x00000000e0000000)
  object space 276480K, 97% used [0x00000000a0000000,0x00000000b06e5c48,0x00000000b0e00000)
 Metaspace       used 100313K, capacity 104232K, committed 104640K, reserved 1140736K
  class space    used 12851K, capacity 13713K, committed 13824K, reserved 1048576K
}

Deoptimization events (10 events):
Event: 146.357 Thread 0x00000000199f0000 Uncommon trap: reason=class_check action=maybe_recompile pc=0x0000000005d8b838 method=com.sun.tools.javac.model.JavacElements.getAllAnnotationMirrors(Ljavax/lang/model/element/Element;)Lcom/sun/tools/javac/util/List; @ 98
Event: 146.380 Thread 0x00000000199f0000 Uncommon trap: reason=unstable_if action=reinterpret pc=0x0000000005e289d8 method=org.apache.xerces.util.SymbolTable.addSymbol([CII)Ljava/lang/String; @ 95
Event: 146.380 Thread 0x00000000199f0000 Uncommon trap: reason=class_check action=maybe_recompile pc=0x0000000005e73eb0 method=org.apache.xerces.impl.XMLDocumentFragmentScannerImpl.scanStartElement()Z @ 309
Event: 146.475 Thread 0x00000000199f0000 Uncommon trap: reason=unstable_if action=reinterpret pc=0x0000000005ea661c method=org.apache.xerces.dom.ParentNode.nodeListItem(I)Lorg/w3c/dom/Node; @ 4
Event: 146.475 Thread 0x00000000199f0000 Uncommon trap: reason=unstable_if action=reinterpret pc=0x0000000005eac1bc method=org.apache.xerces.dom.CoreDocumentImpl.getNodeListCache(Lorg/apache/xerces/dom/ParentNode;)Lorg/apache/xerces/dom/NodeListCache; @ 4
Event: 146.532 Thread 0x00000000199f0000 Uncommon trap: reason=class_check action=maybe_recompile pc=0x0000000005d11c14 method=com.sun.tools.javac.util.ListBuffer.next()Ljava/lang/Object; @ 12
Event: 146.627 Thread 0x00000000199f0000 Uncommon trap: reason=unstable_if action=reinterpret pc=0x0000000003791d2c method=com.sun.tools.javac.code.Types$19.visitClassType(Lcom/sun/tools/javac/code/Type$ClassType;Ljava/lang/Void;)Lcom/sun/tools/javac/util/List; @ 22
Event: 146.706 Thread 0x00000000199f0000 Uncommon trap: reason=unstable_if action=reinterpret pc=0x00000000060b6390 method=com.sun.tools.javac.comp.Attr$TypeAnnotationsValidator.validateAnnotatedType(Lcom/sun/tools/javac/tree/JCTree;Lcom/sun/tools/javac/code/Type;)V @ 126
Event: 146.736 Thread 0x00000000199f0000 Uncommon trap: reason=unstable_if action=reinterpret pc=0x00000000060da6b4 method=org.apache.xerces.dom.DeferredDocumentImpl.ensureCapacity(I)V @ 4
Event: 146.736 Thread 0x00000000199f0000 Uncommon trap: reason=class_check action=maybe_recompile pc=0x0000000005e73eb0 method=org.apache.xerces.impl.XMLDocumentFragmentScannerImpl.scanStartElement()Z @ 309

Classes redefined (0 events):
No events

Internal exceptions (10 events):
Event: 143.881 Thread 0x00000000199f0000 Implicit null exception at 0x000000000339af75 to 0x000000000339b671
Event: 145.166 Thread 0x00000000199f0000 Implicit null exception at 0x0000000005df4218 to 0x0000000005df4455
Event: 145.422 Thread 0x00000000199f0000 Implicit null exception at 0x0000000005eb4dd2 to 0x0000000005eb4f45
Event: 145.563 Thread 0x00000000199f0000 Implicit null exception at 0x00000000057297ee to 0x00000000057299c5
Event: 145.591 Thread 0x00000000199f0000 Exception <a 'java/lang/ClassNotFoundException': com/sun/org/glassfish/hk2/osgiresourcelocator/ServiceLoader> (0x00000000e5999f70) thrown at [D:\src\AOSP-openjdk-cygwin\jdk8u\hotspot\src\share\vm\classfile\systemDictionary.cpp, line 210]
Event: 145.596 Thread 0x00000000199f0000 Exception <a 'java/lang/NullPointerException'> (0x00000000e59bda90) thrown at [D:\src\AOSP-openjdk-cygwin\jdk8u\hotspot\src\share\vm\interpreter\linkResolver.cpp, line 1287]
Event: 146.380 Thread 0x00000000199f0000 Implicit null exception at 0x0000000005e28523 to 0x0000000005e289b1
Event: 146.475 Thread 0x00000000199f0000 Implicit null exception at 0x0000000005ea6492 to 0x0000000005ea6605
Event: 146.475 Thread 0x00000000199f0000 Implicit null exception at 0x0000000005eac0a4 to 0x0000000005eac19d
Event: 146.736 Thread 0x00000000199f0000 Implicit null exception at 0x00000000060d983d to 0x00000000060da69e

Events (10 events):
Event: 146.736 Thread 0x00000000199f0000 DEOPT PACKING pc=0x0000000005e73eb0 sp=0x000000001af07be0
Event: 146.736 Thread 0x00000000199f0000 DEOPT UNPACKING pc=0x0000000002f4557b sp=0x000000001af07b70 mode 2
Event: 146.803 Executing VM operation: ParallelGCFailedAllocation
Event: 147.657 Executing VM operation: ParallelGCFailedAllocation done
Event: 147.657 Executing VM operation: RevokeBias
Event: 147.658 Executing VM operation: RevokeBias done
Event: 147.658 Executing VM operation: RevokeBias
Event: 147.658 Executing VM operation: RevokeBias done
Event: 147.658 Executing VM operation: RevokeBias
Event: 147.658 Executing VM operation: RevokeBias done


Dynamic libraries:
0x00007ff68db40000 - 0x00007ff68db71000 	C:\Program Files\Android\Android Studio\jre\bin\java.exe
0x00007ffe05930000 - 0x00007ffe05b1d000 	C:\WINDOWS\SYSTEM32\ntdll.dll
0x00007ffe053a0000 - 0x00007ffe05453000 	C:\WINDOWS\System32\KERNEL32.DLL
0x00007ffe01bd0000 - 0x00007ffe01e63000 	C:\WINDOWS\System32\KERNELBASE.dll
0x00007ffe05850000 - 0x00007ffe058f3000 	C:\WINDOWS\System32\ADVAPI32.dll
0x00007ffe05670000 - 0x00007ffe0570e000 	C:\WINDOWS\System32\msvcrt.dll
0x00007ffe04ab0000 - 0x00007ffe04b4e000 	C:\WINDOWS\System32\sechost.dll
0x00007ffe04fd0000 - 0x00007ffe050f2000 	C:\WINDOWS\System32\RPCRT4.dll
0x00007ffe05180000 - 0x00007ffe05317000 	C:\WINDOWS\System32\USER32.dll
0x00007ffe028e0000 - 0x00007ffe02900000 	C:\WINDOWS\System32\win32u.dll
0x00007ffe04a80000 - 0x00007ffe04aa9000 	C:\WINDOWS\System32\GDI32.dll
0x00007ffe01f70000 - 0x00007ffe02109000 	C:\WINDOWS\System32\gdi32full.dll
0x00007ffe02900000 - 0x00007ffe029a0000 	C:\WINDOWS\System32\msvcp_win.dll
0x00007ffe02a50000 - 0x00007ffe02b4a000 	C:\WINDOWS\System32\ucrtbase.dll
0x00007ffdf13b0000 - 0x00007ffdf1629000 	C:\WINDOWS\WinSxS\amd64_microsoft.windows.common-controls_6595b64144ccf1df_6.0.17763.737_none_05b6437c071e554b\COMCTL32.dll
0x00007ffe02e70000 - 0x00007ffe0319c000 	C:\WINDOWS\System32\combase.dll
0x00007ffe02860000 - 0x00007ffe028de000 	C:\WINDOWS\System32\bcryptPrimitives.dll
0x00007ffe05820000 - 0x00007ffe0584e000 	C:\WINDOWS\System32\IMM32.DLL
0x0000000073120000 - 0x00000000731f2000 	C:\Program Files\Android\Android Studio\jre\jre\bin\msvcr100.dll
0x0000000071af0000 - 0x0000000072336000 	C:\Program Files\Android\Android Studio\jre\jre\bin\server\jvm.dll
0x00007ffe05320000 - 0x00007ffe05328000 	C:\WINDOWS\System32\PSAPI.DLL
0x00007ffdffa30000 - 0x00007ffdffa54000 	C:\WINDOWS\SYSTEM32\WINMM.dll
0x00007ffdf3380000 - 0x00007ffdf3389000 	C:\WINDOWS\SYSTEM32\WSOCK32.dll
0x00007ffe05330000 - 0x00007ffe0539d000 	C:\WINDOWS\System32\WS2_32.dll
0x00007ffdf7b80000 - 0x00007ffdf7b8a000 	C:\WINDOWS\SYSTEM32\VERSION.dll
0x00007ffdff9d0000 - 0x00007ffdff9fd000 	C:\WINDOWS\SYSTEM32\winmmbase.dll
0x00007ffe01f20000 - 0x00007ffe01f6a000 	C:\WINDOWS\System32\cfgmgr32.dll
0x00007ffdfe480000 - 0x00007ffdfe48f000 	C:\Program Files\Android\Android Studio\jre\jre\bin\verify.dll
0x00007ffdf5ce0000 - 0x00007ffdf5d09000 	C:\Program Files\Android\Android Studio\jre\jre\bin\java.dll
0x00007ffdf5c70000 - 0x00007ffdf5c86000 	C:\Program Files\Android\Android Studio\jre\jre\bin\zip.dll
0x00007ffe034a0000 - 0x00007ffe04992000 	C:\WINDOWS\System32\SHELL32.dll
0x00007ffe049c0000 - 0x00007ffe04a68000 	C:\WINDOWS\System32\shcore.dll
0x00007ffe02110000 - 0x00007ffe0285a000 	C:\WINDOWS\System32\windows.storage.dll
0x00007ffe019c0000 - 0x00007ffe019e4000 	C:\WINDOWS\System32\profapi.dll
0x00007ffe01940000 - 0x00007ffe0199d000 	C:\WINDOWS\System32\powrprof.dll
0x00007ffe02d90000 - 0x00007ffe02de2000 	C:\WINDOWS\System32\shlwapi.dll
0x00007ffe01920000 - 0x00007ffe01931000 	C:\WINDOWS\System32\kernel.appcore.dll
0x00007ffe01ed0000 - 0x00007ffe01ee7000 	C:\WINDOWS\System32\cryptsp.dll
0x00007ffdf5c50000 - 0x00007ffdf5c6a000 	C:\Program Files\Android\Android Studio\jre\jre\bin\net.dll
0x00007ffe01130000 - 0x00007ffe01197000 	C:\WINDOWS\system32\mswsock.dll
0x00007ffdf5c30000 - 0x00007ffdf5c41000 	C:\Program Files\Android\Android Studio\jre\jre\bin\nio.dll
0x00007ffdf2f50000 - 0x00007ffdf2f76000 	C:\Users\Himan\.gradle\native\29\windows-amd64\native-platform.dll
0x00007ffdfe460000 - 0x00007ffdfe46d000 	C:\Program Files\Android\Android Studio\jre\jre\bin\management.dll
0x00007ffe00cb0000 - 0x00007ffe00ce3000 	C:\WINDOWS\system32\rsaenh.dll
0x00007ffe01ef0000 - 0x00007ffe01f16000 	C:\WINDOWS\System32\bcrypt.dll
0x00007ffe01850000 - 0x00007ffe01878000 	C:\WINDOWS\SYSTEM32\USERENV.dll
0x00007ffe01300000 - 0x00007ffe0130c000 	C:\WINDOWS\SYSTEM32\CRYPTBASE.dll
0x00007ffe00e50000 - 0x00007ffe00e8d000 	C:\WINDOWS\SYSTEM32\IPHLPAPI.DLL
0x00007ffe04a70000 - 0x00007ffe04a78000 	C:\WINDOWS\System32\NSI.dll
0x00007ffdf80c0000 - 0x00007ffdf80d6000 	C:\WINDOWS\SYSTEM32\dhcpcsvc6.DLL
0x00007ffdfa590000 - 0x00007ffdfa5ac000 	C:\WINDOWS\SYSTEM32\dhcpcsvc.DLL
0x00007ffe00e90000 - 0x00007ffe00f56000 	C:\WINDOWS\SYSTEM32\DNSAPI.dll
0x00007ffe00990000 - 0x00007ffe009c1000 	C:\WINDOWS\SYSTEM32\ntmarta.dll
0x00007ffde0970000 - 0x00007ffde0b0c000 	C:\Program Files\Android\Android Studio\jre\jre\bin\awt.dll
0x00007ffe02b50000 - 0x00007ffe02c14000 	C:\WINDOWS\System32\OLEAUT32.dll
0x00007ffe00130000 - 0x00007ffe0015e000 	C:\WINDOWS\SYSTEM32\dwmapi.dll
0x00007ffe019f0000 - 0x00007ffe01bcb000 	C:\WINDOWS\System32\CRYPT32.dll
0x00007ffe019a0000 - 0x00007ffe019b2000 	C:\WINDOWS\System32\MSASN1.dll
0x00007ffdfecd0000 - 0x00007ffdff28e000 	C:\WINDOWS\SYSTEM32\d2d1.dll
0x00007ffdffbc0000 - 0x00007ffdffc4c000 	C:\WINDOWS\SYSTEM32\apphelp.dll
0x00007ffdffe50000 - 0x00007ffdffeec000 	C:\WINDOWS\system32\uxtheme.dll
0x00007ffdf26a0000 - 0x00007ffdf26be000 	C:\Users\Himan\AppData\Local\Temp\native-platform1345483404601342586dir\native-platform.dll

VM Arguments:
jvm_args: -Xmx1536m -Dfile.encoding=windows-1252 -Duser.country=US -Duser.language=en -Duser.variant 
java_command: org.gradle.launcher.daemon.bootstrap.GradleDaemon 5.4.1
java_class_path (initial): C:\Users\Himan\.gradle\wrapper\dists\gradle-5.4.1-all\3221gyojl5jsh0helicew7rwx\gradle-5.4.1\lib\gradle-launcher-5.4.1.jar
Launcher Type: SUN_STANDARD

Environment Variables:
JAVA_HOME=C:\Program Files (x86)\Java\jre1.8.0_211
PATH=C:\Program Files (x86)\Common Files\Oracle\Java\javapath;C:\WINDOWS\system32;C:\WINDOWS;C:\WINDOWS\System32\Wbem;C:\WINDOWS\System32\WindowsPowerShell\v1.0\;C:\WINDOWS\System32\OpenSSH\;C:\Program Files\Git\cmd;C:\Program Files (x86)\Java\jre1.8.0_211;C:\Users\Himan\AppData\Local\Microsoft\WindowsApps;C:\Program Files (x86)\Java\jre1.8.0_211;C:\Users\Himan\AppData\Local\Programs\Microsoft VS Code\bin;C:\src\flutter\bin;
USERNAME=Himan
OS=Windows_NT
PROCESSOR_IDENTIFIER=Intel64 Family 6 Model 60 Stepping 3, GenuineIntel



---------------  S Y S T E M  ---------------

OS: Windows 10.0 , 64 bit Build 17763 (10.0.17763.475)

CPU:total 4 (initial active 4) (2 cores per cpu, 2 threads per core) family 6 model 60 stepping 3, cmov, cx8, fxsr, mmx, sse, sse2, sse3, ssse3, sse4.1, sse4.2, popcnt, avx, avx2, aes, clmul, erms, lzcnt, ht, tsc, tscinvbit, bmi1, bmi2

Memory: 4k page, physical 16646332k(2498228k free), swap 24112312k(1936k free)

vm_info: OpenJDK 64-Bit Server VM (25.202-b03) for windows-amd64 JRE (1.8.0_202-release-1483-b03), built by "builder" with MS VC++ 10.0 (VS2010)

time: Wed Sep 18 12:37:13 2019
timezone: India Standard Time
elapsed time: 147 seconds (0d 0h 2m 27s)

