#
# There is insufficient memory for the Java Runtime Environment to continue.
# Native memory allocation (malloc) failed to allocate 1072816 bytes for Chunk::new
# Possible reasons:
#   The system is out of physical RAM or swap space
#   The process is running with CompressedOops enabled, and the Java Heap may be blocking the growth of the native heap
# Possible solutions:
#   Reduce memory load on the system
#   Increase physical memory or swap space
#   Check if swap backing store is full
#   Decrease Java heap size (-Xmx/-Xms)
#   Decrease number of Java threads
#   Decrease Java thread stack sizes (-Xss)
#   Set larger code cache with -XX:ReservedCodeCacheSize=
#   JVM is running with Unscaled Compressed Oops mode in which the Java heap is
#     placed in the first 4GB address space. The Java Heap base address is the
#     maximum limit for the native heap growth. Please use -XX:HeapBaseMinAddress
#     to set the Java Heap base and to place the Java Heap above 4GB virtual address.
# This output file may be truncated or incomplete.
#
#  Out of Memory Error (allocation.cpp:389), pid=5028, tid=0x0000000000002e54
#
# JRE version: OpenJDK Runtime Environment (8.0_202-b03) (build 1.8.0_202-release-1483-b03)
# Java VM: OpenJDK 64-Bit Server VM (25.202-b03 mixed mode windows-amd64 compressed oops)
# Failed to write core dump. Minidumps are not enabled by default on client versions of Windows
#

---------------  T H R E A D  ---------------

Current thread (0x0000000016aa7000):  JavaThread "C2 CompilerThread0" daemon [_thread_in_native, id=11860, stack(0x00000000180f0000,0x00000000181f0000)]

Stack: [0x00000000180f0000,0x00000000181f0000]
[error occurred during error reporting (printing stack bounds), id 0xc0000005]

Native frames: (J=compiled Java code, j=interpreted, Vv=VM code, C=native code)


Current CompileTask:
C2:  13215 8493       4       java.io.ObjectOutputStream::writeClassDesc (60 bytes)


---------------  P R O C E S S  ---------------

Java Threads: ( => current thread )
  0x00000000184f6000 JavaThread "Cache worker for execution history cache (E:\Himanshu\Android\ClientProject\Amiggos\.gradle\5.4.1\executionHistory)" [_thread_blocked, id=9004, stack(0x0000000024610000,0x0000000024710000)]
  0x00000000184fb800 JavaThread "Execution worker for ':' Thread 3" [_thread_blocked, id=12788, stack(0x0000000024510000,0x0000000024610000)]
  0x00000000184ee800 JavaThread "Execution worker for ':' Thread 2" [_thread_blocked, id=1312, stack(0x0000000024410000,0x0000000024510000)]
  0x00000000184f5800 JavaThread "Execution worker for ':'" [_thread_in_native, id=4064, stack(0x00000000240d0000,0x00000000241d0000)]
  0x00000000184f4800 JavaThread "Cache worker for file content cache (E:\Himanshu\Android\ClientProject\Amiggos\.gradle\5.4.1\fileContent)" [_thread_blocked, id=9624, stack(0x0000000023dd0000,0x0000000023ed0000)]
  0x00000000184f4000 JavaThread "Cache worker for file content cache (C:\Users\Himan\.gradle\caches\5.4.1\fileContent)" [_thread_blocked, id=588, stack(0x0000000023880000,0x0000000023980000)]
  0x00000000184f2800 JavaThread "Memory manager" [_thread_blocked, id=9504, stack(0x0000000023780000,0x0000000023880000)]
  0x00000000184f1000 JavaThread "Cache worker for Build Output Cleanup Cache (E:\Himanshu\Android\ClientProject\Amiggos\.gradle\buildOutputCleanup)" [_thread_blocked, id=13012, stack(0x0000000022760000,0x0000000022860000)]
  0x00000000184f1800 JavaThread "Build operations Thread 4" [_thread_blocked, id=12196, stack(0x0000000021080000,0x0000000021180000)]
  0x00000000184ec800 JavaThread "Build operations Thread 3" [_thread_blocked, id=5432, stack(0x0000000020d50000,0x0000000020e50000)]
  0x00000000184f0000 JavaThread "Build operations Thread 2" [_thread_blocked, id=8648, stack(0x0000000020c50000,0x0000000020d50000)]
  0x00000000184ef800 JavaThread "Build operations" [_thread_blocked, id=11504, stack(0x0000000020b50000,0x0000000020c50000)]
  0x00000000184f3000 JavaThread "Cache worker for execution history cache (C:\Users\Himan\.gradle\caches\5.4.1\executionHistory)" [_thread_blocked, id=12040, stack(0x0000000020850000,0x0000000020950000)]
  0x00000000184ed000 JavaThread "Cache worker for cache directory md-rule (C:\Users\Himan\.gradle\caches\5.4.1\md-rule)" [_thread_blocked, id=9796, stack(0x0000000020750000,0x0000000020850000)]
  0x0000000019e95000 JavaThread "Cache worker for cache directory md-supplier (C:\Users\Himan\.gradle\caches\5.4.1\md-supplier)" [_thread_blocked, id=1956, stack(0x000000001f410000,0x000000001f510000)]
  0x0000000019e94000 JavaThread "Cache worker for file hash cache (E:\Himanshu\Android\ClientProject\Amiggos\.gradle\5.4.1\fileHashes)" [_thread_blocked, id=4224, stack(0x000000001eab0000,0x000000001ebb0000)]
  0x0000000019e8f800 JavaThread "Cache worker for journal cache (C:\Users\Himan\.gradle\caches\journal-1)" [_thread_blocked, id=8564, stack(0x000000001b640000,0x000000001b740000)]
  0x0000000019e90800 JavaThread "File lock request listener" [_thread_in_native, id=1596, stack(0x000000001b540000,0x000000001b640000)]
  0x0000000019e96800 JavaThread "Cache worker for file hash cache (C:\Users\Himan\.gradle\caches\5.4.1\fileHashes)" [_thread_blocked, id=7092, stack(0x000000001b440000,0x000000001b540000)]
  0x0000000019ce3800 JavaThread "Thread-9" [_thread_blocked, id=7868, stack(0x000000001b340000,0x000000001b440000)]
  0x0000000019ce0800 JavaThread "Stdin handler" [_thread_blocked, id=1316, stack(0x000000001b240000,0x000000001b340000)]
  0x0000000019cdf800 JavaThread "Asynchronous log dispatcher for DefaultDaemonConnection: socket connection from /127.0.0.1:54801 to /127.0.0.1:54802" [_thread_in_native, id=924, stack(0x000000001b140000,0x000000001b240000)]
  0x0000000019cdf000 JavaThread "Daemon worker" [_thread_blocked, id=8836, stack(0x000000001b040000,0x000000001b140000)]
  0x0000000019cd6000 JavaThread "Cancel handler" [_thread_blocked, id=13188, stack(0x000000001af40000,0x000000001b040000)]
  0x0000000019b9b800 JavaThread "Handler for socket connection from /127.0.0.1:54801 to /127.0.0.1:54802" [_thread_in_native, id=12512, stack(0x000000001ac40000,0x000000001ad40000)]
  0x0000000019b98800 JavaThread "Daemon" [_thread_blocked, id=11104, stack(0x000000001ab40000,0x000000001ac40000)]
  0x0000000019bb5800 JavaThread "Daemon periodic checks" [_thread_blocked, id=10660, stack(0x000000001aa40000,0x000000001ab40000)]
  0x0000000019709800 JavaThread "Incoming local TCP Connector on port 54801" [_thread_in_native, id=10152, stack(0x000000001a800000,0x000000001a900000)]
  0x0000000019dbf000 JavaThread "Daemon health stats" [_thread_blocked, id=11704, stack(0x000000001a1c0000,0x000000001a2c0000)]
  0x0000000018316800 JavaThread "Service Thread" daemon [_thread_blocked, id=6468, stack(0x00000000187f0000,0x00000000188f0000)]
  0x0000000016afd800 JavaThread "C1 CompilerThread2" daemon [_thread_blocked, id=4632, stack(0x00000000186f0000,0x00000000187f0000)]
  0x0000000016a9b000 JavaThread "C2 CompilerThread1" daemon [_thread_blocked, id=7020, stack(0x00000000181f0000,0x00000000182f0000)]
=>0x0000000016aa7000 JavaThread "C2 CompilerThread0" daemon [_thread_in_native, id=11860, stack(0x00000000180f0000,0x00000000181f0000)]
  0x0000000016aa6000 JavaThread "Attach Listener" daemon [_thread_blocked, id=11060, stack(0x0000000017ff0000,0x00000000180f0000)]
  0x0000000016aa4800 JavaThread "Signal Dispatcher" daemon [_thread_blocked, id=7684, stack(0x0000000017ef0000,0x0000000017ff0000)]
  0x000000000312b000 JavaThread "Finalizer" daemon [_thread_blocked, id=1092, stack(0x0000000017cf0000,0x0000000017df0000)]
  0x0000000016a89000 JavaThread "Reference Handler" daemon [_thread_blocked, id=14112, stack(0x0000000017bf0000,0x0000000017cf0000)]
  0x000000000302e000 JavaThread "main" [_thread_blocked, id=5968, stack(0x0000000002e40000,0x0000000002f40000)]

Other Threads:
  0x0000000016a66800 VMThread [stack: 0x0000000017af0000,0x0000000017bf0000] [id=13964]
  0x0000000018317000 WatcherThread [stack: 0x00000000188f0000,0x00000000189f0000] [id=5132]

VM state:not at safepoint (normal execution)

VM Mutex/Monitor currently owned by a thread: None

heap address: 0x00000000a0000000, size: 1536 MB, Compressed Oops mode: 32-bit
Narrow klass base: 0x0000000000000000, Narrow klass shift: 3
Compressed class space size: 1073741824 Address: 0x0000000100000000

Heap:
 PSYoungGen      total 225280K, used 125368K [0x00000000e0000000, 0x00000000f1600000, 0x0000000100000000)
  eden space 202240K, 53% used [0x00000000e0000000,0x00000000e68de810,0x00000000ec580000)
  from space 23040K, 78% used [0x00000000ec580000,0x00000000ed70faf8,0x00000000edc00000)
  to   space 24064K, 0% used [0x00000000efe80000,0x00000000efe80000,0x00000000f1600000)
 ParOldGen       total 270336K, used 41769K [0x00000000a0000000, 0x00000000b0800000, 0x00000000e0000000)
  object space 270336K, 15% used [0x00000000a0000000,0x00000000a28ca470,0x00000000b0800000)
 Metaspace       used 63351K, capacity 65670K, committed 65880K, reserved 1105920K
  class space    used 8544K, capacity 9085K, committed 9088K, reserved 1048576K

Card table byte_map: [0x00000000124f0000,0x0000000012800000] byte_map_base: 0x0000000011ff0000

Marking Bits: (ParMarkBitMap*) 0x00000000722b9f30
 Begin Bits: [0x0000000012e00000, 0x0000000014600000)
 End Bits:   [0x0000000014600000, 0x0000000015e00000)

Polling page: 0x0000000001450000

CodeCache: size=245760Kb used=23750Kb max_used=23896Kb free=222009Kb
 bounds [0x0000000003130000, 0x00000000048b0000, 0x0000000012130000]
 total_blobs=8350 nmethods=7558 adapters=705
 compilation: enabled

Compilation events (10 events):
Event: 13.182 Thread 0x0000000016afd800 nmethod 8594 0x00000000033c2810 code [0x00000000033c2980, 0x00000000033c2c90]
Event: 13.183 Thread 0x0000000016afd800 8595       1       org.gradle.api.internal.tasks.properties.AbstractPropertySpec::getPropertyName (5 bytes)
Event: 13.183 Thread 0x0000000016afd800 nmethod 8595 0x0000000003597b50 code [0x0000000003597ca0, 0x0000000003597db0]
Event: 13.183 Thread 0x0000000016afd800 8596   !   3       org.gradle.util.SingleMessageLogger::whileDisabled (42 bytes)
Event: 13.184 Thread 0x0000000016afd800 nmethod 8596 0x0000000003bb4f90 code [0x0000000003bb5220, 0x0000000003bb6368]
Event: 13.198 Thread 0x0000000016a9b000 nmethod 8563 0x00000000048a79d0 code [0x00000000048a7c20, 0x00000000048a8e60]
Event: 13.198 Thread 0x0000000016a9b000 8564       4       org.gradle.internal.component.external.model.DefaultModuleComponentIdentifier::equals (63 bytes)
Event: 13.202 Thread 0x0000000016a9b000 nmethod 8564 0x0000000003bcfa10 code [0x0000000003bcfb80, 0x0000000003bd0098]
Event: 13.202 Thread 0x0000000016a9b000 8561       4       org.gradle.api.internal.attributes.DefaultImmutableAttributes::get (10 bytes)
Event: 13.203 Thread 0x0000000016a9b000 nmethod 8561 0x0000000003929d90 code [0x0000000003929ee0, 0x0000000003929f78]

GC Heap History (10 events):
Event: 5.290 GC heap before
{Heap before GC invocations=8 (full 2):
 PSYoungGen      total 161280K, used 10933K [0x00000000e0000000, 0x00000000eeb80000, 0x0000000100000000)
  eden space 146944K, 0% used [0x00000000e0000000,0x00000000e0000000,0x00000000e8f80000)
  from space 14336K, 76% used [0x00000000e9d80000,0x00000000ea82d4d8,0x00000000eab80000)
  to   space 14336K, 0% used [0x00000000e8f80000,0x00000000e8f80000,0x00000000e9d80000)
 ParOldGen       total 113664K, used 12409K [0x00000000a0000000, 0x00000000a6f00000, 0x00000000e0000000)
  object space 113664K, 10% used [0x00000000a0000000,0x00000000a0c1e6c8,0x00000000a6f00000)
 Metaspace       used 34626K, capacity 35390K, committed 35456K, reserved 1079296K
  class space    used 4763K, capacity 4982K, committed 4992K, reserved 1048576K
Event: 5.405 GC heap after
Heap after GC invocations=8 (full 2):
 PSYoungGen      total 161280K, used 0K [0x00000000e0000000, 0x00000000eeb80000, 0x0000000100000000)
  eden space 146944K, 0% used [0x00000000e0000000,0x00000000e0000000,0x00000000e8f80000)
  from space 14336K, 0% used [0x00000000e9d80000,0x00000000e9d80000,0x00000000eab80000)
  to   space 14336K, 0% used [0x00000000e8f80000,0x00000000e8f80000,0x00000000e9d80000)
 ParOldGen       total 176640K, used 17898K [0x00000000a0000000, 0x00000000aac80000, 0x00000000e0000000)
  object space 176640K, 10% used [0x00000000a0000000,0x00000000a117aa70,0x00000000aac80000)
 Metaspace       used 34618K, capacity 35360K, committed 35456K, reserved 1079296K
  class space    used 4760K, capacity 4977K, committed 4992K, reserved 1048576K
}
Event: 7.138 GC heap before
{Heap before GC invocations=9 (full 2):
 PSYoungGen      total 161280K, used 146944K [0x00000000e0000000, 0x00000000eeb80000, 0x0000000100000000)
  eden space 146944K, 100% used [0x00000000e0000000,0x00000000e8f80000,0x00000000e8f80000)
  from space 14336K, 0% used [0x00000000e9d80000,0x00000000e9d80000,0x00000000eab80000)
  to   space 14336K, 0% used [0x00000000e8f80000,0x00000000e8f80000,0x00000000e9d80000)
 ParOldGen       total 176640K, used 17898K [0x00000000a0000000, 0x00000000aac80000, 0x00000000e0000000)
  object space 176640K, 10% used [0x00000000a0000000,0x00000000a117aa70,0x00000000aac80000)
 Metaspace       used 46487K, capacity 47520K, committed 47872K, reserved 1091584K
  class space    used 6246K, capacity 6551K, committed 6656K, reserved 1048576K
Event: 7.158 GC heap after
Heap after GC invocations=9 (full 2):
 PSYoungGen      total 161280K, used 14316K [0x00000000e0000000, 0x00000000eed80000, 0x0000000100000000)
  eden space 146944K, 0% used [0x00000000e0000000,0x00000000e0000000,0x00000000e8f80000)
  from space 14336K, 99% used [0x00000000e8f80000,0x00000000e9d7b288,0x00000000e9d80000)
  to   space 17920K, 0% used [0x00000000edc00000,0x00000000edc00000,0x00000000eed80000)
 ParOldGen       total 176640K, used 21490K [0x00000000a0000000, 0x00000000aac80000, 0x00000000e0000000)
  object space 176640K, 12% used [0x00000000a0000000,0x00000000a14fc880,0x00000000aac80000)
 Metaspace       used 46487K, capacity 47520K, committed 47872K, reserved 1091584K
  class space    used 6246K, capacity 6551K, committed 6656K, reserved 1048576K
}
Event: 8.922 GC heap before
{Heap before GC invocations=10 (full 2):
 PSYoungGen      total 161280K, used 157739K [0x00000000e0000000, 0x00000000eed80000, 0x0000000100000000)
  eden space 146944K, 97% used [0x00000000e0000000,0x00000000e8c0fbe8,0x00000000e8f80000)
  from space 14336K, 99% used [0x00000000e8f80000,0x00000000e9d7b288,0x00000000e9d80000)
  to   space 17920K, 0% used [0x00000000edc00000,0x00000000edc00000,0x00000000eed80000)
 ParOldGen       total 176640K, used 21490K [0x00000000a0000000, 0x00000000aac80000, 0x00000000e0000000)
  object space 176640K, 12% used [0x00000000a0000000,0x00000000a14fc880,0x00000000aac80000)
 Metaspace       used 57383K, capacity 59002K, committed 59096K, reserved 1099776K
  class space    used 7746K, capacity 8177K, committed 8192K, reserved 1048576K
Event: 8.951 GC heap after
Heap after GC invocations=10 (full 2):
 PSYoungGen      total 220160K, used 17915K [0x00000000e0000000, 0x00000000ef580000, 0x0000000100000000)
  eden space 202240K, 0% used [0x00000000e0000000,0x00000000e0000000,0x00000000ec580000)
  from space 17920K, 99% used [0x00000000edc00000,0x00000000eed7ef18,0x00000000eed80000)
  to   space 23040K, 0% used [0x00000000ec580000,0x00000000ec580000,0x00000000edc00000)
 ParOldGen       total 176640K, used 28926K [0x00000000a0000000, 0x00000000aac80000, 0x00000000e0000000)
  object space 176640K, 16% used [0x00000000a0000000,0x00000000a1c3f820,0x00000000aac80000)
 Metaspace       used 57383K, capacity 59002K, committed 59096K, reserved 1099776K
  class space    used 7746K, capacity 8177K, committed 8192K, reserved 1048576K
}
Event: 8.951 GC heap before
{Heap before GC invocations=11 (full 3):
 PSYoungGen      total 220160K, used 17915K [0x00000000e0000000, 0x00000000ef580000, 0x0000000100000000)
  eden space 202240K, 0% used [0x00000000e0000000,0x00000000e0000000,0x00000000ec580000)
  from space 17920K, 99% used [0x00000000edc00000,0x00000000eed7ef18,0x00000000eed80000)
  to   space 23040K, 0% used [0x00000000ec580000,0x00000000ec580000,0x00000000edc00000)
 ParOldGen       total 176640K, used 28926K [0x00000000a0000000, 0x00000000aac80000, 0x00000000e0000000)
  object space 176640K, 16% used [0x00000000a0000000,0x00000000a1c3f820,0x00000000aac80000)
 Metaspace       used 57383K, capacity 59002K, committed 59096K, reserved 1099776K
  class space    used 7746K, capacity 8177K, committed 8192K, reserved 1048576K
Event: 9.226 GC heap after
Heap after GC invocations=11 (full 3):
 PSYoungGen      total 220160K, used 0K [0x00000000e0000000, 0x00000000ef580000, 0x0000000100000000)
  eden space 202240K, 0% used [0x00000000e0000000,0x00000000e0000000,0x00000000ec580000)
  from space 17920K, 0% used [0x00000000edc00000,0x00000000edc00000,0x00000000eed80000)
  to   space 23040K, 0% used [0x00000000ec580000,0x00000000ec580000,0x00000000edc00000)
 ParOldGen       total 270336K, used 41761K [0x00000000a0000000, 0x00000000b0800000, 0x00000000e0000000)
  object space 270336K, 15% used [0x00000000a0000000,0x00000000a28c8470,0x00000000b0800000)
 Metaspace       used 57383K, capacity 59002K, committed 59096K, reserved 1099776K
  class space    used 7746K, capacity 8177K, committed 8192K, reserved 1048576K
}
Event: 12.028 GC heap before
{Heap before GC invocations=12 (full 3):
 PSYoungGen      total 220160K, used 202240K [0x00000000e0000000, 0x00000000ef580000, 0x0000000100000000)
  eden space 202240K, 100% used [0x00000000e0000000,0x00000000ec580000,0x00000000ec580000)
  from space 17920K, 0% used [0x00000000edc00000,0x00000000edc00000,0x00000000eed80000)
  to   space 23040K, 0% used [0x00000000ec580000,0x00000000ec580000,0x00000000edc00000)
 ParOldGen       total 270336K, used 41761K [0x00000000a0000000, 0x00000000b0800000, 0x00000000e0000000)
  object space 270336K, 15% used [0x00000000a0000000,0x00000000a28c8470,0x00000000b0800000)
 Metaspace       used 62235K, capacity 64326K, committed 64472K, reserved 1105920K
  class space    used 8395K, capacity 8921K, committed 8960K, reserved 1048576K
Event: 12.057 GC heap after
Heap after GC invocations=12 (full 3):
 PSYoungGen      total 225280K, used 17982K [0x00000000e0000000, 0x00000000f1600000, 0x0000000100000000)
  eden space 202240K, 0% used [0x00000000e0000000,0x00000000e0000000,0x00000000ec580000)
  from space 23040K, 78% used [0x00000000ec580000,0x00000000ed70faf8,0x00000000edc00000)
  to   space 24064K, 0% used [0x00000000efe80000,0x00000000efe80000,0x00000000f1600000)
 ParOldGen       total 270336K, used 41769K [0x00000000a0000000, 0x00000000b0800000, 0x00000000e0000000)
  object space 270336K, 15% used [0x00000000a0000000,0x00000000a28ca470,0x00000000b0800000)
 Metaspace       used 62235K, capacity 64326K, committed 64472K, reserved 1105920K
  class space    used 8395K, capacity 8921K, committed 8960K, reserved 1048576K
}

Deoptimization events (10 events):
Event: 12.758 Thread 0x00000000184fb800 Uncommon trap: reason=class_check action=maybe_recompile pc=0x0000000004809164 method=org.gradle.internal.fingerprint.impl.AbsolutePathFingerprintingStrategy$1.visit(Lorg/gradle/internal/snapshot/FileSystemLocationSnapshot;)V @ 11
Event: 13.002 Thread 0x0000000019cdf000 Uncommon trap: reason=unstable_if action=reinterpret pc=0x0000000004587784 method=java.util.concurrent.ConcurrentLinkedQueue.poll()Ljava/lang/Object; @ 25
Event: 13.021 Thread 0x00000000184ee800 Uncommon trap: reason=unstable_if action=reinterpret pc=0x000000000445b778 method=java.util.concurrent.ConcurrentLinkedQueue.poll()Ljava/lang/Object; @ 25
Event: 13.147 Thread 0x00000000184fb800 Uncommon trap: reason=bimorphic action=maybe_recompile pc=0x0000000004882b68 method=org.gradle.internal.snapshot.DirectorySnapshot.accept(Lorg/gradle/internal/snapshot/FileSystemSnapshotVisitor;)V @ 2
Event: 13.150 Thread 0x00000000184fb800 Uncommon trap: reason=bimorphic action=maybe_recompile pc=0x0000000004882b68 method=org.gradle.internal.snapshot.DirectorySnapshot.accept(Lorg/gradle/internal/snapshot/FileSystemSnapshotVisitor;)V @ 2
Event: 13.194 Thread 0x00000000184f6000 Uncommon trap: reason=class_check action=maybe_recompile pc=0x0000000003aec738 method=com.google.common.collect.CompactHashMap.resizeMeMaybe(I)V @ 35
Event: 13.194 Thread 0x00000000184f6000 Uncommon trap: reason=class_check action=maybe_recompile pc=0x0000000003aec738 method=com.google.common.collect.CompactHashMap.resizeMeMaybe(I)V @ 35
Event: 13.194 Thread 0x00000000184f6000 Uncommon trap: reason=class_check action=maybe_recompile pc=0x0000000003aec738 method=com.google.common.collect.CompactHashMap.resizeMeMaybe(I)V @ 35
Event: 13.194 Thread 0x00000000184f6000 Uncommon trap: reason=class_check action=maybe_recompile pc=0x0000000003aec738 method=com.google.common.collect.CompactHashMap.resizeMeMaybe(I)V @ 35
Event: 13.194 Thread 0x00000000184f6000 Uncommon trap: reason=class_check action=maybe_recompile pc=0x00000000041778b4 method=com.google.common.collect.CompactHashMap.resizeMeMaybe(I)V @ 35

Classes redefined (0 events):
No events

Internal exceptions (10 events):
Event: 9.232 Thread 0x0000000019cdf000 Exception <a 'java/lang/NullPointerException'> (0x00000000e001cf38) thrown at [D:\src\AOSP-openjdk-cygwin\jdk8u\hotspot\src\share\vm\interpreter\linkResolver.cpp, line 1287]
Event: 12.165 Thread 0x00000000184ee800 Implicit null exception at 0x0000000003efba46 to 0x0000000003efbe14
Event: 12.165 Thread 0x00000000184ee800 Implicit null exception at 0x000000000344d240 to 0x000000000344d51c
Event: 12.570 Thread 0x0000000019ce3800 Exception <a 'java/lang/NoSuchMethodError': <clinit>> (0x00000000e0017410) thrown at [D:\src\AOSP-openjdk-cygwin\jdk8u\hotspot\src\share\vm\prims\jni.cpp, line 1614]
Event: 12.571 Thread 0x0000000019ce3800 Exception <a 'java/lang/NoSuchMethodError': <clinit>> (0x00000000e31c7158) thrown at [D:\src\AOSP-openjdk-cygwin\jdk8u\hotspot\src\share\vm\prims\jni.cpp, line 1614]
Event: 12.572 Thread 0x0000000019ce3800 Exception <a 'java/lang/NoSuchMethodError': <clinit>> (0x00000000e31d3670) thrown at [D:\src\AOSP-openjdk-cygwin\jdk8u\hotspot\src\share\vm\prims\jni.cpp, line 1614]
Event: 12.592 Thread 0x0000000019ce3800 Exception <a 'java/lang/NoSuchMethodError': <clinit>> (0x00000000e31de060) thrown at [D:\src\AOSP-openjdk-cygwin\jdk8u\hotspot\src\share\vm\prims\jni.cpp, line 1614]
Event: 12.593 Thread 0x0000000019ce3800 Exception <a 'java/lang/NoSuchMethodError': <clinit>> (0x00000000e32d02a0) thrown at [D:\src\AOSP-openjdk-cygwin\jdk8u\hotspot\src\share\vm\prims\jni.cpp, line 1614]
Event: 12.593 Thread 0x0000000019ce3800 Exception <a 'java/lang/NoSuchMethodError': <clinit>> (0x00000000e32d1db8) thrown at [D:\src\AOSP-openjdk-cygwin\jdk8u\hotspot\src\share\vm\prims\jni.cpp, line 1614]
Event: 12.615 Thread 0x0000000019ce3800 Exception <a 'java/lang/NoSuchMethodError': <clinit>> (0x00000000e32e1c98) thrown at [D:\src\AOSP-openjdk-cygwin\jdk8u\hotspot\src\share\vm\prims\jni.cpp, line 1614]

Events (10 events):
Event: 13.194 Thread 0x00000000184f6000 DEOPT UNPACKING pc=0x000000000317557b sp=0x000000002470ddc0 mode 2
Event: 13.194 Thread 0x00000000184f6000 Uncommon trap: trap_request=0xffffffde fr.pc=0x0000000003aec738
Event: 13.194 Thread 0x00000000184f6000 DEOPT PACKING pc=0x0000000003aec738 sp=0x000000002470dec0
Event: 13.194 Thread 0x00000000184f6000 DEOPT UNPACKING pc=0x000000000317557b sp=0x000000002470ddc0 mode 2
Event: 13.194 Thread 0x00000000184f6000 Uncommon trap: trap_request=0xffffffde fr.pc=0x0000000003aec738
Event: 13.194 Thread 0x00000000184f6000 DEOPT PACKING pc=0x0000000003aec738 sp=0x000000002470dec0
Event: 13.194 Thread 0x00000000184f6000 DEOPT UNPACKING pc=0x000000000317557b sp=0x000000002470ddc0 mode 2
Event: 13.194 Thread 0x00000000184f6000 Uncommon trap: trap_request=0xffffffde fr.pc=0x00000000041778b4
Event: 13.194 Thread 0x00000000184f6000 DEOPT PACKING pc=0x00000000041778b4 sp=0x000000002470de20
Event: 13.194 Thread 0x00000000184f6000 DEOPT UNPACKING pc=0x000000000317557b sp=0x000000002470ddb0 mode 2


Dynamic libraries:
0x00007ff68db40000 - 0x00007ff68db71000 	C:\Program Files\Android\Android Studio\jre\bin\java.exe
0x00007ffe05930000 - 0x00007ffe05b1d000 	C:\WINDOWS\SYSTEM32\ntdll.dll
0x00007ffe053a0000 - 0x00007ffe05453000 	C:\WINDOWS\System32\KERNEL32.DLL
0x00007ffe01bd0000 - 0x00007ffe01e63000 	C:\WINDOWS\System32\KERNELBASE.dll
0x00007ffe05850000 - 0x00007ffe058f3000 	C:\WINDOWS\System32\ADVAPI32.dll
0x00007ffe05670000 - 0x00007ffe0570e000 	C:\WINDOWS\System32\msvcrt.dll
0x00007ffe04ab0000 - 0x00007ffe04b4e000 	C:\WINDOWS\System32\sechost.dll
0x00007ffe04fd0000 - 0x00007ffe050f2000 	C:\WINDOWS\System32\RPCRT4.dll
0x00007ffe05180000 - 0x00007ffe05317000 	C:\WINDOWS\System32\USER32.dll
0x00007ffe028e0000 - 0x00007ffe02900000 	C:\WINDOWS\System32\win32u.dll
0x00007ffe04a80000 - 0x00007ffe04aa9000 	C:\WINDOWS\System32\GDI32.dll
0x00007ffe01f70000 - 0x00007ffe02109000 	C:\WINDOWS\System32\gdi32full.dll
0x00007ffe02900000 - 0x00007ffe029a0000 	C:\WINDOWS\System32\msvcp_win.dll
0x00007ffe02a50000 - 0x00007ffe02b4a000 	C:\WINDOWS\System32\ucrtbase.dll
0x00007ffdf13b0000 - 0x00007ffdf1629000 	C:\WINDOWS\WinSxS\amd64_microsoft.windows.common-controls_6595b64144ccf1df_6.0.17763.737_none_05b6437c071e554b\COMCTL32.dll
0x00007ffe02e70000 - 0x00007ffe0319c000 	C:\WINDOWS\System32\combase.dll
0x00007ffe02860000 - 0x00007ffe028de000 	C:\WINDOWS\System32\bcryptPrimitives.dll
0x00007ffe05820000 - 0x00007ffe0584e000 	C:\WINDOWS\System32\IMM32.DLL
0x0000000073120000 - 0x00000000731f2000 	C:\Program Files\Android\Android Studio\jre\jre\bin\msvcr100.dll
0x0000000071af0000 - 0x0000000072336000 	C:\Program Files\Android\Android Studio\jre\jre\bin\server\jvm.dll
0x00007ffe05320000 - 0x00007ffe05328000 	C:\WINDOWS\System32\PSAPI.DLL
0x00007ffdf3380000 - 0x00007ffdf3389000 	C:\WINDOWS\SYSTEM32\WSOCK32.dll
0x00007ffe05330000 - 0x00007ffe0539d000 	C:\WINDOWS\System32\WS2_32.dll
0x00007ffdffa30000 - 0x00007ffdffa54000 	C:\WINDOWS\SYSTEM32\WINMM.dll
0x00007ffdf7b80000 - 0x00007ffdf7b8a000 	C:\WINDOWS\SYSTEM32\VERSION.dll
0x00007ffdff9d0000 - 0x00007ffdff9fd000 	C:\WINDOWS\SYSTEM32\winmmbase.dll
0x00007ffe01f20000 - 0x00007ffe01f6a000 	C:\WINDOWS\System32\cfgmgr32.dll
0x00007ffdfe480000 - 0x00007ffdfe48f000 	C:\Program Files\Android\Android Studio\jre\jre\bin\verify.dll
0x00007ffdf5ce0000 - 0x00007ffdf5d09000 	C:\Program Files\Android\Android Studio\jre\jre\bin\java.dll
0x00007ffdf5c70000 - 0x00007ffdf5c86000 	C:\Program Files\Android\Android Studio\jre\jre\bin\zip.dll
0x00007ffe034a0000 - 0x00007ffe04992000 	C:\WINDOWS\System32\SHELL32.dll
0x00007ffe049c0000 - 0x00007ffe04a68000 	C:\WINDOWS\System32\shcore.dll
0x00007ffe02110000 - 0x00007ffe0285a000 	C:\WINDOWS\System32\windows.storage.dll
0x00007ffe019c0000 - 0x00007ffe019e4000 	C:\WINDOWS\System32\profapi.dll
0x00007ffe01940000 - 0x00007ffe0199d000 	C:\WINDOWS\System32\powrprof.dll
0x00007ffe02d90000 - 0x00007ffe02de2000 	C:\WINDOWS\System32\shlwapi.dll
0x00007ffe01920000 - 0x00007ffe01931000 	C:\WINDOWS\System32\kernel.appcore.dll
0x00007ffe01ed0000 - 0x00007ffe01ee7000 	C:\WINDOWS\System32\cryptsp.dll
0x00007ffdf5c50000 - 0x00007ffdf5c6a000 	C:\Program Files\Android\Android Studio\jre\jre\bin\net.dll
0x00007ffe01130000 - 0x00007ffe01197000 	C:\WINDOWS\system32\mswsock.dll
0x00007ffdf5c30000 - 0x00007ffdf5c41000 	C:\Program Files\Android\Android Studio\jre\jre\bin\nio.dll
0x00007ffdf2f50000 - 0x00007ffdf2f76000 	C:\Users\Himan\.gradle\native\29\windows-amd64\native-platform.dll
0x00007ffdfe460000 - 0x00007ffdfe46d000 	C:\Program Files\Android\Android Studio\jre\jre\bin\management.dll
0x00007ffe00cb0000 - 0x00007ffe00ce3000 	C:\WINDOWS\system32\rsaenh.dll
0x00007ffe01ef0000 - 0x00007ffe01f16000 	C:\WINDOWS\System32\bcrypt.dll
0x00007ffe01850000 - 0x00007ffe01878000 	C:\WINDOWS\SYSTEM32\USERENV.dll
0x00007ffe01300000 - 0x00007ffe0130c000 	C:\WINDOWS\SYSTEM32\CRYPTBASE.dll
0x00007ffe00e50000 - 0x00007ffe00e8d000 	C:\WINDOWS\SYSTEM32\IPHLPAPI.DLL
0x00007ffe04a70000 - 0x00007ffe04a78000 	C:\WINDOWS\System32\NSI.dll
0x00007ffdf80c0000 - 0x00007ffdf80d6000 	C:\WINDOWS\SYSTEM32\dhcpcsvc6.DLL
0x00007ffdfa590000 - 0x00007ffdfa5ac000 	C:\WINDOWS\SYSTEM32\dhcpcsvc.DLL
0x00007ffe00e90000 - 0x00007ffe00f56000 	C:\WINDOWS\SYSTEM32\DNSAPI.dll

VM Arguments:
jvm_args: -Xmx1536m -Dfile.encoding=windows-1252 -Duser.country=US -Duser.language=en -Duser.variant 
java_command: org.gradle.launcher.daemon.bootstrap.GradleDaemon 5.4.1
java_class_path (initial): C:\Users\Himan\.gradle\wrapper\dists\gradle-5.4.1-all\3221gyojl5jsh0helicew7rwx\gradle-5.4.1\lib\gradle-launcher-5.4.1.jar
Launcher Type: SUN_STANDARD

Environment Variables:
JAVA_HOME=C:\Program Files (x86)\Java\jre1.8.0_211
PATH=C:\Program Files (x86)\Common Files\Oracle\Java\javapath;C:\WINDOWS\system32;C:\WINDOWS;C:\WINDOWS\System32\Wbem;C:\WINDOWS\System32\WindowsPowerShell\v1.0\;C:\WINDOWS\System32\OpenSSH\;C:\Program Files\Git\cmd;C:\Program Files (x86)\Java\jre1.8.0_211;C:\Users\Himan\AppData\Local\Microsoft\WindowsApps;C:\Program Files (x86)\Java\jre1.8.0_211;C:\Users\Himan\AppData\Local\Programs\Microsoft VS Code\bin;C:\src\flutter\bin;
USERNAME=Himan
OS=Windows_NT
PROCESSOR_IDENTIFIER=Intel64 Family 6 Model 60 Stepping 3, GenuineIntel



---------------  S Y S T E M  ---------------

OS: Windows 10.0 , 64 bit Build 17763 (10.0.17763.475)

CPU:total 4 (initial active 4) (2 cores per cpu, 2 threads per core) family 6 model 60 stepping 3, cmov, cx8, fxsr, mmx, sse, sse2, sse3, ssse3, sse4.1, sse4.2, popcnt, avx, avx2, aes, clmul, erms, lzcnt, ht, tsc, tscinvbit, bmi1, bmi2

Memory: 4k page, physical 16646332k(2754576k free), swap 24112312k(5376k free)

vm_info: OpenJDK 64-Bit Server VM (25.202-b03) for windows-amd64 JRE (1.8.0_202-release-1483-b03), built by "builder" with MS VC++ 10.0 (VS2010)

time: Wed Sep 18 12:38:59 2019
timezone: India Standard Time
elapsed time: 13 seconds (0d 0h 0m 13s)

