#
# There is insufficient memory for the Java Runtime Environment to continue.
# Native memory allocation (malloc) failed to allocate 1176016 bytes for Chunk::new
# Possible reasons:
#   The system is out of physical RAM or swap space
#   The process is running with CompressedOops enabled, and the Java Heap may be blocking the growth of the native heap
# Possible solutions:
#   Reduce memory load on the system
#   Increase physical memory or swap space
#   Check if swap backing store is full
#   Decrease Java heap size (-Xmx/-Xms)
#   Decrease number of Java threads
#   Decrease Java thread stack sizes (-Xss)
#   Set larger code cache with -XX:ReservedCodeCacheSize=
#   JVM is running with Unscaled Compressed Oops mode in which the Java heap is
#     placed in the first 4GB address space. The Java Heap base address is the
#     maximum limit for the native heap growth. Please use -XX:HeapBaseMinAddress
#     to set the Java Heap base and to place the Java Heap above 4GB virtual address.
# This output file may be truncated or incomplete.
#
#  Out of Memory Error (allocation.cpp:389), pid=10684, tid=0x0000000000002684
#
# JRE version: OpenJDK Runtime Environment (8.0_202-b03) (build 1.8.0_202-release-1483-b03)
# Java VM: OpenJDK 64-Bit Server VM (25.202-b03 mixed mode windows-amd64 compressed oops)
# Failed to write core dump. Minidumps are not enabled by default on client versions of Windows
#

---------------  T H R E A D  ---------------

Current thread (0x0000000016188000):  JavaThread "C2 CompilerThread0" daemon [_thread_in_native, id=9860, stack(0x00000000177f0000,0x00000000178f0000)]

Stack: [0x00000000177f0000,0x00000000178f0000]
[error occurred during error reporting (printing stack bounds), id 0xc0000005]

Native frames: (J=compiled Java code, j=interpreted, Vv=VM code, C=native code)


Current CompileTask:
C2:  17870 9543   !   4       com.sun.tools.javac.parser.JavaTokenizer::readToken (2243 bytes)


---------------  P R O C E S S  ---------------

Java Threads: ( => current thread )
  0x000000001eeee800 JavaThread "Cache worker for Java compile cache (E:\Himanshu\Android\ClientProject\Amiggos\.gradle\5.4.1\javaCompile)" [_thread_blocked, id=3152, stack(0x0000000024110000,0x0000000024210000)]
  0x000000001eeec000 JavaThread "Cache worker for Java compile cache (C:\Users\Himan\.gradle\caches\5.4.1\javaCompile)" [_thread_blocked, id=13008, stack(0x0000000024010000,0x0000000024110000)]
  0x000000001eef4800 JavaThread "Cache worker for execution history cache (E:\Himanshu\Android\ClientProject\Amiggos\.gradle\5.4.1\executionHistory)" [_thread_blocked, id=12600, stack(0x0000000023d10000,0x0000000023e10000)]
  0x000000001eef0800 JavaThread "Execution worker for ':' Thread 3" [_thread_blocked, id=1860, stack(0x0000000023c10000,0x0000000023d10000)]
  0x000000001eef3800 JavaThread "Execution worker for ':' Thread 2" [_thread_blocked, id=9448, stack(0x0000000023b10000,0x0000000023c10000)]
  0x000000001eeef000 JavaThread "Execution worker for ':'" [_thread_in_Java, id=5272, stack(0x0000000023a10000,0x0000000023b10000)]
  0x000000001eef1800 JavaThread "Cache worker for file content cache (E:\Himanshu\Android\ClientProject\Amiggos\.gradle\5.4.1\fileContent)" [_thread_blocked, id=3924, stack(0x00000000231f0000,0x00000000232f0000)]
  0x000000001eef0000 JavaThread "Cache worker for file content cache (C:\Users\Himan\.gradle\caches\5.4.1\fileContent)" [_thread_blocked, id=1052, stack(0x00000000230f0000,0x00000000231f0000)]
  0x000000001eee9000 JavaThread "Memory manager" [_thread_blocked, id=13064, stack(0x0000000022b10000,0x0000000022c10000)]
  0x000000001eee5800 JavaThread "Cache worker for Build Output Cleanup Cache (E:\Himanshu\Android\ClientProject\Amiggos\.gradle\buildOutputCleanup)" [_thread_blocked, id=1808, stack(0x0000000020ea0000,0x0000000020fa0000)]
  0x000000001eee7800 JavaThread "Build operations Thread 4" [_thread_blocked, id=3672, stack(0x0000000020ba0000,0x0000000020ca0000)]
  0x000000001eee7000 JavaThread "Build operations Thread 3" [_thread_blocked, id=14000, stack(0x0000000020aa0000,0x0000000020ba0000)]
  0x000000001eee6000 JavaThread "Build operations Thread 2" [_thread_blocked, id=1064, stack(0x00000000209a0000,0x0000000020aa0000)]
  0x000000001eeea800 JavaThread "Build operations" [_thread_blocked, id=3452, stack(0x00000000208a0000,0x00000000209a0000)]
  0x000000001eee8800 JavaThread "Cache worker for execution history cache (C:\Users\Himan\.gradle\caches\5.4.1\executionHistory)" [_thread_blocked, id=3492, stack(0x0000000020140000,0x0000000020240000)]
  0x000000001eeea000 JavaThread "Cache worker for cache directory md-rule (C:\Users\Himan\.gradle\caches\5.4.1\md-rule)" [_thread_blocked, id=2304, stack(0x0000000020040000,0x0000000020140000)]
  0x0000000019850000 JavaThread "Cache worker for cache directory md-supplier (C:\Users\Himan\.gradle\caches\5.4.1\md-supplier)" [_thread_blocked, id=13760, stack(0x000000001ff40000,0x0000000020040000)]
  0x0000000019852000 JavaThread "Cache worker for file hash cache (E:\Himanshu\Android\ClientProject\Amiggos\.gradle\5.4.1\fileHashes)" [_thread_blocked, id=5192, stack(0x000000001e240000,0x000000001e340000)]
  0x0000000019850800 JavaThread "Cache worker for journal cache (C:\Users\Himan\.gradle\caches\journal-1)" [_thread_blocked, id=10096, stack(0x000000001ad40000,0x000000001ae40000)]
  0x0000000019851800 JavaThread "File lock request listener" [_thread_in_native, id=10888, stack(0x000000001ac40000,0x000000001ad40000)]
  0x000000001935a000 JavaThread "Cache worker for file hash cache (C:\Users\Himan\.gradle\caches\5.4.1\fileHashes)" [_thread_blocked, id=9064, stack(0x000000001ab40000,0x000000001ac40000)]
  0x0000000019371800 JavaThread "Thread-9" [_thread_blocked, id=11148, stack(0x000000001aa40000,0x000000001ab40000)]
  0x0000000019368000 JavaThread "Stdin handler" [_thread_blocked, id=10712, stack(0x000000001a940000,0x000000001aa40000)]
  0x000000001938a000 JavaThread "Asynchronous log dispatcher for DefaultDaemonConnection: socket connection from /127.0.0.1:54740 to /127.0.0.1:54741" [_thread_blocked, id=10500, stack(0x000000001a840000,0x000000001a940000)]
  0x000000001937c800 JavaThread "Daemon worker" [_thread_blocked, id=7120, stack(0x000000001a740000,0x000000001a840000)]
  0x0000000019365000 JavaThread "Cancel handler" [_thread_blocked, id=840, stack(0x000000001a640000,0x000000001a740000)]
  0x0000000018ecb000 JavaThread "Handler for socket connection from /127.0.0.1:54740 to /127.0.0.1:54741" [_thread_in_native, id=10424, stack(0x000000001a340000,0x000000001a440000)]
  0x0000000018ec6000 JavaThread "Daemon" [_thread_blocked, id=8728, stack(0x000000001a240000,0x000000001a340000)]
  0x0000000018ec0000 JavaThread "Daemon periodic checks" [_thread_blocked, id=1884, stack(0x000000001a140000,0x000000001a240000)]
  0x00000000190df800 JavaThread "Incoming local TCP Connector on port 54740" [_thread_in_native, id=14256, stack(0x0000000019f00000,0x000000001a000000)]
  0x00000000193b7800 JavaThread "Daemon health stats" [_thread_blocked, id=9648, stack(0x00000000198c0000,0x00000000199c0000)]
  0x00000000161ee800 JavaThread "Service Thread" daemon [_thread_blocked, id=6608, stack(0x0000000017ef0000,0x0000000017ff0000)]
  0x000000001619c000 JavaThread "C1 CompilerThread2" daemon [_thread_blocked, id=14280, stack(0x00000000179f0000,0x0000000017af0000)]
  0x0000000016191800 JavaThread "C2 CompilerThread1" daemon [_thread_in_native, id=6884, stack(0x00000000178f0000,0x00000000179f0000)]
=>0x0000000016188000 JavaThread "C2 CompilerThread0" daemon [_thread_in_native, id=9860, stack(0x00000000177f0000,0x00000000178f0000)]
  0x0000000016195800 JavaThread "Attach Listener" daemon [_thread_blocked, id=8420, stack(0x00000000176f0000,0x00000000177f0000)]
  0x0000000016194800 JavaThread "Signal Dispatcher" daemon [_thread_blocked, id=12340, stack(0x00000000175f0000,0x00000000176f0000)]
  0x000000000281b000 JavaThread "Finalizer" daemon [_thread_blocked, id=1040, stack(0x00000000173f0000,0x00000000174f0000)]
  0x0000000016179000 JavaThread "Reference Handler" daemon [_thread_blocked, id=2240, stack(0x00000000172f0000,0x00000000173f0000)]
  0x0000000000d7e000 JavaThread "main" [_thread_blocked, id=11280, stack(0x0000000002620000,0x0000000002720000)]

Other Threads:
  0x0000000016156800 VMThread [stack: 0x00000000171f0000,0x00000000172f0000] [id=11248]
  0x0000000017b3b800 WatcherThread [stack: 0x0000000017ff0000,0x00000000180f0000] [id=13112]

VM state:not at safepoint (normal execution)

VM Mutex/Monitor currently owned by a thread: None

heap address: 0x00000000a0000000, size: 1536 MB, Compressed Oops mode: 32-bit
Narrow klass base: 0x0000000000000000, Narrow klass shift: 3
Compressed class space size: 1073741824 Address: 0x0000000100000000

Heap:
 PSYoungGen      total 175616K, used 9010K [0x00000000e0000000, 0x00000000edd00000, 0x0000000100000000)
  eden space 154624K, 5% used [0x00000000e0000000,0x00000000e08cca10,0x00000000e9700000)
  from space 20992K, 0% used [0x00000000e9700000,0x00000000e9700000,0x00000000eab80000)
  to   space 24064K, 0% used [0x00000000ec580000,0x00000000ec580000,0x00000000edd00000)
 ParOldGen       total 282112K, used 68543K [0x00000000a0000000, 0x00000000b1380000, 0x00000000e0000000)
  object space 282112K, 24% used [0x00000000a0000000,0x00000000a42efda8,0x00000000b1380000)
 Metaspace       used 69869K, capacity 72048K, committed 72408K, reserved 1112064K
  class space    used 9404K, capacity 9924K, committed 9984K, reserved 1048576K

Card table byte_map: [0x0000000011be0000,0x0000000011ef0000] byte_map_base: 0x00000000116e0000

Marking Bits: (ParMarkBitMap*) 0x00000000722b9f30
 Begin Bits: [0x00000000124f0000, 0x0000000013cf0000)
 End Bits:   [0x0000000013cf0000, 0x00000000154f0000)

Polling page: 0x0000000000820000

CodeCache: size=245760Kb used=26511Kb max_used=26522Kb free=219248Kb
 bounds [0x0000000002820000, 0x0000000004250000, 0x0000000011820000]
 total_blobs=9036 nmethods=8215 adapters=734
 compilation: enabled

Compilation events (10 events):
Event: 17.862 Thread 0x000000001619c000 9588       3       com.sun.tools.javac.tree.JCTree$JCPrimitiveTypeTree::<init> (10 bytes)
Event: 17.862 Thread 0x000000001619c000 nmethod 9588 0x0000000003f347d0 code [0x0000000003f34940, 0x0000000003f34bd0]
Event: 17.862 Thread 0x000000001619c000 9589       3       com.sun.tools.javac.parser.JavaTokenizer::skipIllegalUnderscores (52 bytes)
Event: 17.862 Thread 0x000000001619c000 nmethod 9589 0x0000000003cd0590 code [0x0000000003cd07a0, 0x0000000003cd1198]
Event: 17.863 Thread 0x000000001619c000 9599       3       com.sun.tools.javac.util.Position$LineMapImpl::build (128 bytes)
Event: 17.863 Thread 0x0000000016191800 nmethod 9554 0x0000000003f34290 code [0x0000000003f34400, 0x0000000003f345c8]
Event: 17.863 Thread 0x000000001619c000 nmethod 9599 0x0000000003e9b510 code [0x0000000003e9b6e0, 0x0000000003e9bf18]
Event: 17.863 Thread 0x0000000016191800 9566       4       com.sun.tools.javac.parser.Scanner::nextToken (52 bytes)
Event: 17.865 Thread 0x0000000016191800 nmethod 9566 0x000000000299ced0 code [0x000000000299d020, 0x000000000299d148]
Event: 17.865 Thread 0x0000000016191800 9582       4       com.sun.tools.javac.parser.JavacParser$SimpleEndPosTable::storeEnd (34 bytes)

GC Heap History (10 events):
Event: 11.431 GC heap before
{Heap before GC invocations=13 (full 3):
 PSYoungGen      total 149504K, used 131584K [0x00000000e0000000, 0x00000000ec800000, 0x0000000100000000)
  eden space 131584K, 100% used [0x00000000e0000000,0x00000000e8080000,0x00000000e8080000)
  from space 17920K, 0% used [0x00000000e8080000,0x00000000e8080000,0x00000000e9200000)
  to   space 21504K, 0% used [0x00000000eb300000,0x00000000eb300000,0x00000000ec800000)
 ParOldGen       total 282112K, used 38421K [0x00000000a0000000, 0x00000000b1380000, 0x00000000e0000000)
  object space 282112K, 13% used [0x00000000a0000000,0x00000000a2585400,0x00000000b1380000)
 Metaspace       used 61265K, capacity 63344K, committed 63576K, reserved 1103872K
  class space    used 8267K, capacity 8786K, committed 8832K, reserved 1048576K
Event: 11.452 GC heap after
Heap after GC invocations=13 (full 3):
 PSYoungGen      total 166400K, used 13143K [0x00000000e0000000, 0x00000000ec000000, 0x0000000100000000)
  eden space 153088K, 0% used [0x00000000e0000000,0x00000000e0000000,0x00000000e9580000)
  from space 13312K, 98% used [0x00000000eb300000,0x00000000ebfd5d50,0x00000000ec000000)
  to   space 20992K, 0% used [0x00000000e9700000,0x00000000e9700000,0x00000000eab80000)
 ParOldGen       total 282112K, used 38429K [0x00000000a0000000, 0x00000000b1380000, 0x00000000e0000000)
  object space 282112K, 13% used [0x00000000a0000000,0x00000000a2587400,0x00000000b1380000)
 Metaspace       used 61265K, capacity 63344K, committed 63576K, reserved 1103872K
  class space    used 8267K, capacity 8786K, committed 8832K, reserved 1048576K
}
Event: 13.913 GC heap before
{Heap before GC invocations=14 (full 3):
 PSYoungGen      total 166400K, used 166231K [0x00000000e0000000, 0x00000000ec000000, 0x0000000100000000)
  eden space 153088K, 100% used [0x00000000e0000000,0x00000000e9580000,0x00000000e9580000)
  from space 13312K, 98% used [0x00000000eb300000,0x00000000ebfd5d50,0x00000000ec000000)
  to   space 20992K, 0% used [0x00000000e9700000,0x00000000e9700000,0x00000000eab80000)
 ParOldGen       total 282112K, used 38429K [0x00000000a0000000, 0x00000000b1380000, 0x00000000e0000000)
  object space 282112K, 13% used [0x00000000a0000000,0x00000000a2587400,0x00000000b1380000)
 Metaspace       used 63292K, capacity 65474K, committed 65624K, reserved 1105920K
  class space    used 8527K, capacity 9065K, committed 9088K, reserved 1048576K
Event: 13.952 GC heap after
Heap after GC invocations=14 (full 3):
 PSYoungGen      total 175616K, used 20964K [0x00000000e0000000, 0x00000000edd00000, 0x0000000100000000)
  eden space 154624K, 0% used [0x00000000e0000000,0x00000000e0000000,0x00000000e9700000)
  from space 20992K, 99% used [0x00000000e9700000,0x00000000eab792a0,0x00000000eab80000)
  to   space 24064K, 0% used [0x00000000ec580000,0x00000000ec580000,0x00000000edd00000)
 ParOldGen       total 282112K, used 40645K [0x00000000a0000000, 0x00000000b1380000, 0x00000000e0000000)
  object space 282112K, 14% used [0x00000000a0000000,0x00000000a27b1418,0x00000000b1380000)
 Metaspace       used 63292K, capacity 65474K, committed 65624K, reserved 1105920K
  class space    used 8527K, capacity 9065K, committed 9088K, reserved 1048576K
}
Event: 16.749 GC heap before
{Heap before GC invocations=15 (full 3):
 PSYoungGen      total 175616K, used 175426K [0x00000000e0000000, 0x00000000edd00000, 0x0000000100000000)
  eden space 154624K, 99% used [0x00000000e0000000,0x00000000e96d7920,0x00000000e9700000)
  from space 20992K, 99% used [0x00000000e9700000,0x00000000eab792a0,0x00000000eab80000)
  to   space 24064K, 0% used [0x00000000ec580000,0x00000000ec580000,0x00000000edd00000)
 ParOldGen       total 282112K, used 40645K [0x00000000a0000000, 0x00000000b1380000, 0x00000000e0000000)
  object space 282112K, 14% used [0x00000000a0000000,0x00000000a27b1418,0x00000000b1380000)
 Metaspace       used 65710K, capacity 67924K, committed 68056K, reserved 1107968K
  class space    used 8881K, capacity 9400K, committed 9472K, reserved 1048576K
Event: 16.794 GC heap after
Heap after GC invocations=15 (full 3):
 PSYoungGen      total 178688K, used 24033K [0x00000000e0000000, 0x00000000edd00000, 0x0000000100000000)
  eden space 154624K, 0% used [0x00000000e0000000,0x00000000e0000000,0x00000000e9700000)
  from space 24064K, 99% used [0x00000000ec580000,0x00000000edcf8530,0x00000000edd00000)
  to   space 20992K, 0% used [0x00000000e9700000,0x00000000e9700000,0x00000000eab80000)
 ParOldGen       total 282112K, used 50479K [0x00000000a0000000, 0x00000000b1380000, 0x00000000e0000000)
  object space 282112K, 17% used [0x00000000a0000000,0x00000000a314bdd0,0x00000000b1380000)
 Metaspace       used 65710K, capacity 67924K, committed 68056K, reserved 1107968K
  class space    used 8881K, capacity 9400K, committed 9472K, reserved 1048576K
}
Event: 17.282 GC heap before
{Heap before GC invocations=16 (full 3):
 PSYoungGen      total 178688K, used 54378K [0x00000000e0000000, 0x00000000edd00000, 0x0000000100000000)
  eden space 154624K, 19% used [0x00000000e0000000,0x00000000e1da2578,0x00000000e9700000)
  from space 24064K, 99% used [0x00000000ec580000,0x00000000edcf8530,0x00000000edd00000)
  to   space 20992K, 0% used [0x00000000e9700000,0x00000000e9700000,0x00000000eab80000)
 ParOldGen       total 282112K, used 50479K [0x00000000a0000000, 0x00000000b1380000, 0x00000000e0000000)
  object space 282112K, 17% used [0x00000000a0000000,0x00000000a314bdd0,0x00000000b1380000)
 Metaspace       used 69005K, capacity 71266K, committed 71384K, reserved 1114112K
  class space    used 9354K, capacity 9893K, committed 9984K, reserved 1048576K
Event: 17.315 GC heap after
Heap after GC invocations=16 (full 3):
 PSYoungGen      total 175616K, used 19943K [0x00000000e0000000, 0x00000000edd00000, 0x0000000100000000)
  eden space 154624K, 0% used [0x00000000e0000000,0x00000000e0000000,0x00000000e9700000)
  from space 20992K, 95% used [0x00000000e9700000,0x00000000eaa79f48,0x00000000eab80000)
  to   space 24064K, 0% used [0x00000000ec580000,0x00000000ec580000,0x00000000edd00000)
 ParOldGen       total 282112K, used 57552K [0x00000000a0000000, 0x00000000b1380000, 0x00000000e0000000)
  object space 282112K, 20% used [0x00000000a0000000,0x00000000a3834370,0x00000000b1380000)
 Metaspace       used 69005K, capacity 71266K, committed 71384K, reserved 1114112K
  class space    used 9354K, capacity 9893K, committed 9984K, reserved 1048576K
}
Event: 17.315 GC heap before
{Heap before GC invocations=17 (full 4):
 PSYoungGen      total 175616K, used 19943K [0x00000000e0000000, 0x00000000edd00000, 0x0000000100000000)
  eden space 154624K, 0% used [0x00000000e0000000,0x00000000e0000000,0x00000000e9700000)
  from space 20992K, 95% used [0x00000000e9700000,0x00000000eaa79f48,0x00000000eab80000)
  to   space 24064K, 0% used [0x00000000ec580000,0x00000000ec580000,0x00000000edd00000)
 ParOldGen       total 282112K, used 57552K [0x00000000a0000000, 0x00000000b1380000, 0x00000000e0000000)
  object space 282112K, 20% used [0x00000000a0000000,0x00000000a3834370,0x00000000b1380000)
 Metaspace       used 69005K, capacity 71266K, committed 71384K, reserved 1114112K
  class space    used 9354K, capacity 9893K, committed 9984K, reserved 1048576K
Event: 17.606 GC heap after
Heap after GC invocations=17 (full 4):
 PSYoungGen      total 175616K, used 0K [0x00000000e0000000, 0x00000000edd00000, 0x0000000100000000)
  eden space 154624K, 0% used [0x00000000e0000000,0x00000000e0000000,0x00000000e9700000)
  from space 20992K, 0% used [0x00000000e9700000,0x00000000e9700000,0x00000000eab80000)
  to   space 24064K, 0% used [0x00000000ec580000,0x00000000ec580000,0x00000000edd00000)
 ParOldGen       total 282112K, used 68543K [0x00000000a0000000, 0x00000000b1380000, 0x00000000e0000000)
  object space 282112K, 24% used [0x00000000a0000000,0x00000000a42efda8,0x00000000b1380000)
 Metaspace       used 68946K, capacity 71088K, committed 71384K, reserved 1112064K
  class space    used 9336K, capacity 9860K, committed 9984K, reserved 1048576K
}

Deoptimization events (10 events):
Event: 17.121 Thread 0x000000001eeef000 Uncommon trap: reason=bimorphic action=maybe_recompile pc=0x0000000003231180 method=java.util.Collections$UnmodifiableList.get(I)Ljava/lang/Object; @ 5
Event: 17.122 Thread 0x000000001eeef000 Uncommon trap: reason=bimorphic action=maybe_recompile pc=0x0000000003231180 method=java.util.Collections$UnmodifiableList.get(I)Ljava/lang/Object; @ 5
Event: 17.134 Thread 0x000000001eeef000 Uncommon trap: reason=class_check action=maybe_recompile pc=0x0000000002b68998 method=java.util.regex.Matcher.search(I)Z @ 86
Event: 17.136 Thread 0x000000001eeef000 Uncommon trap: reason=class_check action=maybe_recompile pc=0x0000000002b68998 method=java.util.regex.Matcher.search(I)Z @ 86
Event: 17.137 Thread 0x000000001eeef000 Uncommon trap: reason=class_check action=maybe_recompile pc=0x0000000002b68998 method=java.util.regex.Matcher.search(I)Z @ 86
Event: 17.137 Thread 0x000000001eeef000 Uncommon trap: reason=class_check action=maybe_recompile pc=0x0000000002b68998 method=java.util.regex.Matcher.search(I)Z @ 86
Event: 17.175 Thread 0x000000001eeef000 Uncommon trap: reason=unstable_if action=reinterpret pc=0x0000000003eb859c method=java.util.HashMap.removeNode(ILjava/lang/Object;Ljava/lang/Object;ZZ)Ljava/util/HashMap$Node; @ 168
Event: 17.691 Thread 0x000000001eeef000 Uncommon trap: reason=null_assert action=make_not_entrant pc=0x0000000002a994fc method=java.util.zip.ZipEntry.<init>(Ljava/util/zip/ZipEntry;)V @ 70
Event: 17.741 Thread 0x000000001eeef000 Uncommon trap: reason=unstable_if action=reinterpret pc=0x0000000003441bdc method=java.util.LinkedHashMap.afterNodeInsertion(Z)V @ 18
Event: 17.768 Thread 0x000000001eeef000 Uncommon trap: reason=unstable_if action=reinterpret pc=0x0000000003c65ccc method=java.util.RegularEnumSet.contains(Ljava/lang/Object;)Z @ 16

Classes redefined (0 events):
No events

Internal exceptions (10 events):
Event: 12.177 Thread 0x000000001eee6000 Implicit null exception at 0x0000000003d2c41d to 0x0000000003d2c6d8
Event: 13.249 Thread 0x0000000019371800 Exception <a 'java/lang/NoSuchMethodError': <clinit>> (0x00000000e43796f8) thrown at [D:\src\AOSP-openjdk-cygwin\jdk8u\hotspot\src\share\vm\prims\jni.cpp, line 1614]
Event: 13.250 Thread 0x0000000019371800 Exception <a 'java/lang/NoSuchMethodError': <clinit>> (0x00000000e709d9c8) thrown at [D:\src\AOSP-openjdk-cygwin\jdk8u\hotspot\src\share\vm\prims\jni.cpp, line 1614]
Event: 13.251 Thread 0x0000000019371800 Exception <a 'java/lang/NoSuchMethodError': <clinit>> (0x00000000e70a9f18) thrown at [D:\src\AOSP-openjdk-cygwin\jdk8u\hotspot\src\share\vm\prims\jni.cpp, line 1614]
Event: 13.277 Thread 0x0000000019371800 Exception <a 'java/lang/NoSuchMethodError': <clinit>> (0x00000000e70b4928) thrown at [D:\src\AOSP-openjdk-cygwin\jdk8u\hotspot\src\share\vm\prims\jni.cpp, line 1614]
Event: 13.278 Thread 0x0000000019371800 Exception <a 'java/lang/NoSuchMethodError': <clinit>> (0x00000000e7185b08) thrown at [D:\src\AOSP-openjdk-cygwin\jdk8u\hotspot\src\share\vm\prims\jni.cpp, line 1614]
Event: 13.279 Thread 0x0000000019371800 Exception <a 'java/lang/NoSuchMethodError': <clinit>> (0x00000000e7187620) thrown at [D:\src\AOSP-openjdk-cygwin\jdk8u\hotspot\src\share\vm\prims\jni.cpp, line 1614]
Event: 13.329 Thread 0x0000000019371800 Exception <a 'java/lang/NoSuchMethodError': <clinit>> (0x00000000e7323dc0) thrown at [D:\src\AOSP-openjdk-cygwin\jdk8u\hotspot\src\share\vm\prims\jni.cpp, line 1614]
Event: 15.722 Thread 0x000000001eef0800 Exception <a 'java/lang/NoSuchMethodError': <clinit>> (0x00000000e67d2d88) thrown at [D:\src\AOSP-openjdk-cygwin\jdk8u\hotspot\src\share\vm\prims\jni.cpp, line 1614]
Event: 16.863 Thread 0x000000001eeef000 Implicit null exception at 0x000000000327ff87 to 0x0000000003280ae5

Events (10 events):
Event: 17.782 loading class com/sun/tools/javac/parser/JavacParser$ParensResult
Event: 17.782 loading class com/sun/tools/javac/parser/JavacParser$ParensResult done
Event: 17.791 loading class com/sun/tools/javac/util/Position
Event: 17.791 loading class com/sun/tools/javac/util/Position done
Event: 17.791 loading class com/sun/tools/javac/util/Position$LineMapImpl
Event: 17.791 loading class com/sun/tools/javac/util/Position$LineMapImpl done
Event: 17.791 loading class com/sun/tools/javac/util/Position$LineMap
Event: 17.791 loading class com/sun/tools/javac/util/Position$LineMap done
Event: 17.791 loading class com/sun/tools/javac/util/Position$LineTabMapImpl
Event: 17.791 loading class com/sun/tools/javac/util/Position$LineTabMapImpl done


Dynamic libraries:
0x00007ff68db40000 - 0x00007ff68db71000 	C:\Program Files\Android\Android Studio\jre\bin\java.exe
0x00007ffe05930000 - 0x00007ffe05b1d000 	C:\WINDOWS\SYSTEM32\ntdll.dll
0x00007ffe053a0000 - 0x00007ffe05453000 	C:\WINDOWS\System32\KERNEL32.DLL
0x00007ffe01bd0000 - 0x00007ffe01e63000 	C:\WINDOWS\System32\KERNELBASE.dll
0x00007ffe05850000 - 0x00007ffe058f3000 	C:\WINDOWS\System32\ADVAPI32.dll
0x00007ffe05670000 - 0x00007ffe0570e000 	C:\WINDOWS\System32\msvcrt.dll
0x00007ffe04ab0000 - 0x00007ffe04b4e000 	C:\WINDOWS\System32\sechost.dll
0x00007ffe04fd0000 - 0x00007ffe050f2000 	C:\WINDOWS\System32\RPCRT4.dll
0x00007ffe05180000 - 0x00007ffe05317000 	C:\WINDOWS\System32\USER32.dll
0x00007ffe028e0000 - 0x00007ffe02900000 	C:\WINDOWS\System32\win32u.dll
0x00007ffe04a80000 - 0x00007ffe04aa9000 	C:\WINDOWS\System32\GDI32.dll
0x00007ffe01f70000 - 0x00007ffe02109000 	C:\WINDOWS\System32\gdi32full.dll
0x00007ffe02900000 - 0x00007ffe029a0000 	C:\WINDOWS\System32\msvcp_win.dll
0x00007ffe02a50000 - 0x00007ffe02b4a000 	C:\WINDOWS\System32\ucrtbase.dll
0x00007ffdf13b0000 - 0x00007ffdf1629000 	C:\WINDOWS\WinSxS\amd64_microsoft.windows.common-controls_6595b64144ccf1df_6.0.17763.737_none_05b6437c071e554b\COMCTL32.dll
0x00007ffe02e70000 - 0x00007ffe0319c000 	C:\WINDOWS\System32\combase.dll
0x00007ffe02860000 - 0x00007ffe028de000 	C:\WINDOWS\System32\bcryptPrimitives.dll
0x00007ffe05820000 - 0x00007ffe0584e000 	C:\WINDOWS\System32\IMM32.DLL
0x0000000073120000 - 0x00000000731f2000 	C:\Program Files\Android\Android Studio\jre\jre\bin\msvcr100.dll
0x0000000071af0000 - 0x0000000072336000 	C:\Program Files\Android\Android Studio\jre\jre\bin\server\jvm.dll
0x00007ffe05320000 - 0x00007ffe05328000 	C:\WINDOWS\System32\PSAPI.DLL
0x00007ffdf3380000 - 0x00007ffdf3389000 	C:\WINDOWS\SYSTEM32\WSOCK32.dll
0x00007ffe05330000 - 0x00007ffe0539d000 	C:\WINDOWS\System32\WS2_32.dll
0x00007ffdffa30000 - 0x00007ffdffa54000 	C:\WINDOWS\SYSTEM32\WINMM.dll
0x00007ffdf7b80000 - 0x00007ffdf7b8a000 	C:\WINDOWS\SYSTEM32\VERSION.dll
0x00007ffdff9d0000 - 0x00007ffdff9fd000 	C:\WINDOWS\SYSTEM32\WINMMBASE.dll
0x00007ffe01f20000 - 0x00007ffe01f6a000 	C:\WINDOWS\System32\cfgmgr32.dll
0x00007ffdfe480000 - 0x00007ffdfe48f000 	C:\Program Files\Android\Android Studio\jre\jre\bin\verify.dll
0x00007ffdf5ce0000 - 0x00007ffdf5d09000 	C:\Program Files\Android\Android Studio\jre\jre\bin\java.dll
0x00007ffdf5c70000 - 0x00007ffdf5c86000 	C:\Program Files\Android\Android Studio\jre\jre\bin\zip.dll
0x00007ffe034a0000 - 0x00007ffe04992000 	C:\WINDOWS\System32\SHELL32.dll
0x00007ffe049c0000 - 0x00007ffe04a68000 	C:\WINDOWS\System32\shcore.dll
0x00007ffe02110000 - 0x00007ffe0285a000 	C:\WINDOWS\System32\windows.storage.dll
0x00007ffe019c0000 - 0x00007ffe019e4000 	C:\WINDOWS\System32\profapi.dll
0x00007ffe01940000 - 0x00007ffe0199d000 	C:\WINDOWS\System32\powrprof.dll
0x00007ffe02d90000 - 0x00007ffe02de2000 	C:\WINDOWS\System32\shlwapi.dll
0x00007ffe01920000 - 0x00007ffe01931000 	C:\WINDOWS\System32\kernel.appcore.dll
0x00007ffe01ed0000 - 0x00007ffe01ee7000 	C:\WINDOWS\System32\cryptsp.dll
0x00007ffdf5c50000 - 0x00007ffdf5c6a000 	C:\Program Files\Android\Android Studio\jre\jre\bin\net.dll
0x00007ffe01130000 - 0x00007ffe01197000 	C:\WINDOWS\system32\mswsock.dll
0x00007ffdf5c30000 - 0x00007ffdf5c41000 	C:\Program Files\Android\Android Studio\jre\jre\bin\nio.dll
0x00007ffdf2f50000 - 0x00007ffdf2f76000 	C:\Users\Himan\.gradle\native\29\windows-amd64\native-platform.dll
0x00007ffdfe460000 - 0x00007ffdfe46d000 	C:\Program Files\Android\Android Studio\jre\jre\bin\management.dll
0x00007ffe00cb0000 - 0x00007ffe00ce3000 	C:\WINDOWS\system32\rsaenh.dll
0x00007ffe01ef0000 - 0x00007ffe01f16000 	C:\WINDOWS\System32\bcrypt.dll
0x00007ffe01850000 - 0x00007ffe01878000 	C:\WINDOWS\SYSTEM32\USERENV.dll
0x00007ffe01300000 - 0x00007ffe0130c000 	C:\WINDOWS\SYSTEM32\CRYPTBASE.dll
0x00007ffe00e50000 - 0x00007ffe00e8d000 	C:\WINDOWS\SYSTEM32\IPHLPAPI.DLL
0x00007ffe04a70000 - 0x00007ffe04a78000 	C:\WINDOWS\System32\NSI.dll
0x00007ffdf80c0000 - 0x00007ffdf80d6000 	C:\WINDOWS\SYSTEM32\dhcpcsvc6.DLL
0x00007ffdfa590000 - 0x00007ffdfa5ac000 	C:\WINDOWS\SYSTEM32\dhcpcsvc.DLL
0x00007ffe00e90000 - 0x00007ffe00f56000 	C:\WINDOWS\SYSTEM32\DNSAPI.dll

VM Arguments:
jvm_args: -Xmx1536m -Dfile.encoding=windows-1252 -Duser.country=US -Duser.language=en -Duser.variant 
java_command: org.gradle.launcher.daemon.bootstrap.GradleDaemon 5.4.1
java_class_path (initial): C:\Users\Himan\.gradle\wrapper\dists\gradle-5.4.1-all\3221gyojl5jsh0helicew7rwx\gradle-5.4.1\lib\gradle-launcher-5.4.1.jar
Launcher Type: SUN_STANDARD

Environment Variables:
JAVA_HOME=C:\Program Files (x86)\Java\jre1.8.0_211
PATH=C:\Program Files (x86)\Common Files\Oracle\Java\javapath;C:\WINDOWS\system32;C:\WINDOWS;C:\WINDOWS\System32\Wbem;C:\WINDOWS\System32\WindowsPowerShell\v1.0\;C:\WINDOWS\System32\OpenSSH\;C:\Program Files\Git\cmd;C:\Program Files (x86)\Java\jre1.8.0_211;C:\Users\Himan\AppData\Local\Microsoft\WindowsApps;C:\Program Files (x86)\Java\jre1.8.0_211;C:\Users\Himan\AppData\Local\Programs\Microsoft VS Code\bin;C:\src\flutter\bin;
USERNAME=Himan
OS=Windows_NT
PROCESSOR_IDENTIFIER=Intel64 Family 6 Model 60 Stepping 3, GenuineIntel



---------------  S Y S T E M  ---------------

OS: Windows 10.0 , 64 bit Build 17763 (10.0.17763.475)

CPU:total 4 (initial active 4) (2 cores per cpu, 2 threads per core) family 6 model 60 stepping 3, cmov, cx8, fxsr, mmx, sse, sse2, sse3, ssse3, sse4.1, sse4.2, popcnt, avx, avx2, aes, clmul, erms, lzcnt, ht, tsc, tscinvbit, bmi1, bmi2

Memory: 4k page, physical 16646332k(2723152k free), swap 24112312k(2844k free)

vm_info: OpenJDK 64-Bit Server VM (25.202-b03) for windows-amd64 JRE (1.8.0_202-release-1483-b03), built by "builder" with MS VC++ 10.0 (VS2010)

time: Wed Sep 18 12:37:50 2019
timezone: India Standard Time
elapsed time: 17 seconds (0d 0h 0m 17s)

